[INFO] Scanning for projects...
[WARNING] 
[WARNING] Some problems were encountered while building the effective model for com.website:AutopartsHub:jar:0.0.1-SNAPSHOT
[WARNING] 'dependencies.dependency.(groupId:artifactId:type:classifier)' must be unique: io.jsonwebtoken:jjwt-api:jar -> duplicate declaration of version 0.12.6 @ line 90, column 15
[WARNING] 'dependencies.dependency.(groupId:artifactId:type:classifier)' must be unique: io.jsonwebtoken:jjwt-impl:jar -> duplicate declaration of version 0.12.6 @ line 96, column 15
[WARNING] 'dependencies.dependency.(groupId:artifactId:type:classifier)' must be unique: io.jsonwebtoken:jjwt-jackson:jar -> duplicate declaration of version 0.12.6 @ line 103, column 15
[WARNING] 
[WARNING] It is highly recommended to fix these problems because they threaten the stability of your build.
[WARNING] 
[WARNING] For this reason, future Maven versions might no longer support building such malformed projects.
[WARNING] 
[INFO] 
[INFO] ----------------------< com.website:AutopartsHub >----------------------
[INFO] Building  0.0.1-SNAPSHOT
[INFO]   from pom.xml
[INFO] --------------------------------[ jar ]---------------------------------
[INFO] 
[INFO] >>> spring-boot:4.1.0:run (default-cli) > test-compile @ AutopartsHub >>>
[INFO] 
[INFO] --- resources:3.5.0:resources (default-resources) @ AutopartsHub ---
[INFO] Copying 1 resource from src\main\resources to target\classes
[INFO] Copying 1 resource from src\main\resources to target\classes
[INFO] 
[INFO] --- compiler:3.15.0:compile (default-compile) @ AutopartsHub ---
[INFO] Nothing to compile - all classes are up to date.
[INFO] 
[INFO] --- resources:3.5.0:testResources (default-testResources) @ AutopartsHub ---
[INFO] skip non existing resourceDirectory C:\Users\ASUS\Downloads\SPRINGBOOT PROJECTS\AutopartsHub\src\test\resources
[INFO] 
[INFO] --- compiler:3.15.0:testCompile (default-testCompile) @ AutopartsHub ---
[INFO] Nothing to compile - all classes are up to date.
[INFO] 
[INFO] <<< spring-boot:4.1.0:run (default-cli) < test-compile @ AutopartsHub <<<
[INFO] 
[INFO] 
[INFO] --- spring-boot:4.1.0:run (default-cli) @ AutopartsHub ---
[INFO] Attaching agents: []

  .   ____          _            __ _ _
 /\\ / ___'_ __ _ _(_)_ __  __ _ \ \ \ \
( ( )\___ | '_ | '_| | '_ \/ _` | \ \ \ \
 \\/  ___)| |_)| | | | | || (_| |  ) ) ) )
  '  |____| .__|_| |_|_| |_\__, | / / / /
 =========|_|==============|___/=/_/_/_/

 :: Spring Boot ::                (v4.1.0)

2026-06-20T22:24:41.217+05:30  INFO 7800 --- [AutoPartsHub] [  restartedMain] c.w.A.AutopartsHubApplication            : Starting AutopartsHubApplication using Java 25.0.1 with PID 7800 (C:\Users\ASUS\Downloads\SPRINGBOOT PROJECTS\AutopartsHub\target\classes started by ASUS in C:\Users\ASUS\Downloads\SPRINGBOOT PROJECTS\AutopartsHub)
2026-06-20T22:24:41.226+05:30  INFO 7800 --- [AutoPartsHub] [  restartedMain] c.w.A.AutopartsHubApplication            : No active profile set, falling back to 1 default profile: "default"
2026-06-20T22:24:41.334+05:30  INFO 7800 --- [AutoPartsHub] [  restartedMain] .e.DevToolsPropertyDefaultsPostProcessor : Devtools property defaults active! Set 'spring.devtools.add-properties' to 'false' to disable
2026-06-20T22:24:41.335+05:30  INFO 7800 --- [AutoPartsHub] [  restartedMain] .e.DevToolsPropertyDefaultsPostProcessor : For additional web related logging consider setting the 'logging.level.web' property to 'DEBUG'
2026-06-20T22:24:43.078+05:30  INFO 7800 --- [AutoPartsHub] [  restartedMain] .s.d.r.c.RepositoryConfigurationDelegate : Bootstrapping Spring Data JPA repositories in DEFAULT mode.
2026-06-20T22:24:43.201+05:30  INFO 7800 --- [AutoPartsHub] [  restartedMain] .s.d.r.c.RepositoryConfigurationDelegate : Finished Spring Data repository scanning in 103 ms. Found 7 JPA repository interfaces.
2026-06-20T22:24:44.489+05:30  INFO 7800 --- [AutoPartsHub] [  restartedMain] o.s.boot.tomcat.TomcatWebServer          : Tomcat initialized with port 8083 (http)
2026-06-20T22:24:44.528+05:30  INFO 7800 --- [AutoPartsHub] [  restartedMain] o.apache.catalina.core.StandardService   : Starting service [Tomcat]
2026-06-20T22:24:44.529+05:30  INFO 7800 --- [AutoPartsHub] [  restartedMain] o.apache.catalina.core.StandardEngine    : Starting Servlet engine: [Apache Tomcat/11.0.22]
2026-06-20T22:24:44.612+05:30  INFO 7800 --- [AutoPartsHub] [  restartedMain] b.w.c.s.WebApplicationContextInitializer : Root WebApplicationContext: initialization completed in 3275 ms
2026-06-20T22:24:45.033+05:30  INFO 7800 --- [AutoPartsHub] [  restartedMain] org.hibernate.orm.jpa                    : HHH008540: Processing PersistenceUnitInfo [name: default]
2026-06-20T22:24:45.177+05:30  INFO 7800 --- [AutoPartsHub] [  restartedMain] org.hibernate.orm.core                   : HHH000001: Hibernate ORM core version 7.4.1.Final
2026-06-20T22:24:46.216+05:30  INFO 7800 --- [AutoPartsHub] [  restartedMain] o.s.o.j.p.SpringPersistenceUnitInfo      : No LoadTimeWeaver setup: ignoring JPA class transformer
2026-06-20T22:24:46.285+05:30  INFO 7800 --- [AutoPartsHub] [  restartedMain] com.zaxxer.hikari.HikariDataSource       : HikariPool-1 - Starting...
2026-06-20T22:24:47.125+05:30  INFO 7800 --- [AutoPartsHub] [  restartedMain] com.zaxxer.hikari.pool.HikariPool        : HikariPool-1 - Added connection com.mysql.cj.jdbc.ConnectionImpl@e2bc667
2026-06-20T22:24:47.127+05:30  INFO 7800 --- [AutoPartsHub] [  restartedMain] com.zaxxer.hikari.HikariDataSource       : HikariPool-1 - Start completed.
2026-06-20T22:24:47.318+05:30  INFO 7800 --- [AutoPartsHub] [  restartedMain] org.hibernate.orm.connections.pooling    : HHH10001005: Database info:
	Database JDBC URL [jdbc:mysql://localhost:3306/autopartshub]
	Database driver: MySQL Connector/J
	Database dialect: MySQLDialect
	Database version: 8.0.45
	Default catalog/schema: autopartshub/undefined
	Autocommit mode: undefined/unknown
	Isolation level: REPEATABLE_READ [default REPEATABLE_READ]
	JDBC fetch size: none
	Pool: DataSourceConnectionProvider
	Minimum pool size: undefined/unknown
	Maximum pool size: undefined/unknown
2026-06-20T22:24:49.455+05:30  INFO 7800 --- [AutoPartsHub] [  restartedMain] org.hibernate.orm.core                   : HHH000489: No JTA platform available (set 'hibernate.transaction.jta.platform' to enable JTA platform integration)
2026-06-20T22:24:49.592+05:30  INFO 7800 --- [AutoPartsHub] [  restartedMain] j.LocalContainerEntityManagerFactoryBean : Initialized JPA EntityManagerFactory for persistence unit 'default'
2026-06-20T22:24:49.697+05:30  INFO 7800 --- [AutoPartsHub] [  restartedMain] o.s.d.j.r.query.QueryEnhancerFactories   : Hibernate is in classpath; If applicable, HQL parser will be used.
2026-06-20T22:24:50.481+05:30  WARN 7800 --- [AutoPartsHub] [  restartedMain] JpaBaseConfiguration$JpaWebConfiguration : spring.jpa.open-in-view is enabled by default. Therefore, database queries may be performed during view rendering. Explicitly configure spring.jpa.open-in-view to disable this warning
2026-06-20T22:24:50.650+05:30  INFO 7800 --- [AutoPartsHub] [  restartedMain] r$InitializeUserDetailsManagerConfigurer : Global AuthenticationManager configured with UserDetailsService bean with name customUserDetailsService
2026-06-20T22:24:50.943+05:30  INFO 7800 --- [AutoPartsHub] [  restartedMain] o.s.b.w.a.WelcomePageHandlerMapping      : Adding welcome page: class path resource [static/index.html]
2026-06-20T22:24:51.857+05:30  INFO 7800 --- [AutoPartsHub] [  restartedMain] o.s.b.a.e.web.EndpointLinksResolver      : Exposing 1 endpoint beneath base path '/actuator'
2026-06-20T22:24:51.997+05:30  INFO 7800 --- [AutoPartsHub] [  restartedMain] o.s.boot.tomcat.TomcatWebServer          : Tomcat started on port 8083 (http) with context path '/'
2026-06-20T22:24:52.011+05:30  INFO 7800 --- [AutoPartsHub] [  restartedMain] c.w.A.AutopartsHubApplication            : Started AutopartsHubApplication in 11.683 seconds (process running for 12.569)
Hibernate: 
    select
        count(*) 
    from
        spare_parts sp1_0
2026-06-20T22:25:21.665+05:30  INFO 7800 --- [AutoPartsHub] [nio-8083-exec-1] o.a.c.c.C.[Tomcat].[localhost].[/]       : Initializing Spring DispatcherServlet 'dispatcherServlet'
2026-06-20T22:25:21.667+05:30  INFO 7800 --- [AutoPartsHub] [nio-8083-exec-1] o.s.web.servlet.DispatcherServlet        : Initializing Servlet 'dispatcherServlet'
2026-06-20T22:25:21.672+05:30  INFO 7800 --- [AutoPartsHub] [nio-8083-exec-1] o.s.web.servlet.DispatcherServlet        : Completed initialization in 4 ms
Hibernate: 
    select
        sp1_0.id,
        sp1_0.brand,
        sp1_0.category_id,
        sp1_0.description,
        sp1_0.image_url,
        sp1_0.part_name,
        sp1_0.price,
        sp1_0.stock,
        sp1_0.vehicle_model 
    from
        spare_parts sp1_0
Hibernate: 
    select
        c1_0.id,
        c1_0.name 
    from
        category c1_0 
    where
        c1_0.id=?
Hibernate: 
    select
        u1_0.id,
        u1_0.email,
        u1_0.name,
        u1_0.password,
        u1_0.role 
    from
        users u1_0 
    where
        u1_0.email=?
2026-06-20T22:25:40.150+05:30  WARN 7800 --- [AutoPartsHub] [nio-8083-exec-5] .m.m.a.ExceptionHandlerExceptionResolver : Resolved [java.lang.RuntimeException: Invalid email]
2026-06-20T22:39:01.539+05:30  INFO 7800 --- [AutoPartsHub] [   File Watcher] rtingClassPathChangeChangedEventListener : Restarting due to 1 class path change (0 additions, 0 deletions, 1 modification)
2026-06-20T22:39:01.553+05:30  INFO 7800 --- [AutoPartsHub] [       Thread-1] o.s.boot.tomcat.GracefulShutdown         : Commencing graceful shutdown. Waiting for active requests to complete
2026-06-20T22:39:01.562+05:30  INFO 7800 --- [AutoPartsHub] [tomcat-shutdown] o.s.boot.tomcat.GracefulShutdown         : Graceful shutdown complete
2026-06-20T22:39:01.574+05:30  INFO 7800 --- [AutoPartsHub] [       Thread-1] j.LocalContainerEntityManagerFactoryBean : Closing JPA EntityManagerFactory for persistence unit 'default'
2026-06-20T22:39:01.583+05:30  INFO 7800 --- [AutoPartsHub] [       Thread-1] com.zaxxer.hikari.HikariDataSource       : HikariPool-1 - Shutdown initiated...
2026-06-20T22:39:01.595+05:30  INFO 7800 --- [AutoPartsHub] [       Thread-1] com.zaxxer.hikari.HikariDataSource       : HikariPool-1 - Shutdown completed.

  .   ____          _            __ _ _
 /\\ / ___'_ __ _ _(_)_ __  __ _ \ \ \ \
( ( )\___ | '_ | '_| | '_ \/ _` | \ \ \ \
 \\/  ___)| |_)| | | | | || (_| |  ) ) ) )
  '  |____| .__|_| |_|_| |_\__, | / / / /
 =========|_|==============|___/=/_/_/_/

 :: Spring Boot ::                (v4.1.0)

2026-06-20T22:39:01.731+05:30  INFO 7800 --- [AutoPartsHub] [  restartedMain] c.w.A.AutopartsHubApplication            : Starting AutopartsHubApplication using Java 25.0.1 with PID 7800 (C:\Users\ASUS\Downloads\SPRINGBOOT PROJECTS\AutopartsHub\target\classes started by ASUS in C:\Users\ASUS\Downloads\SPRINGBOOT PROJECTS\AutopartsHub)
2026-06-20T22:39:01.732+05:30  INFO 7800 --- [AutoPartsHub] [  restartedMain] c.w.A.AutopartsHubApplication            : No active profile set, falling back to 1 default profile: "default"
2026-06-20T22:39:02.404+05:30  INFO 7800 --- [AutoPartsHub] [  restartedMain] .s.d.r.c.RepositoryConfigurationDelegate : Bootstrapping Spring Data JPA repositories in DEFAULT mode.
2026-06-20T22:39:02.438+05:30  INFO 7800 --- [AutoPartsHub] [  restartedMain] .s.d.r.c.RepositoryConfigurationDelegate : Finished Spring Data repository scanning in 29 ms. Found 7 JPA repository interfaces.
2026-06-20T22:39:02.709+05:30  INFO 7800 --- [AutoPartsHub] [  restartedMain] o.s.boot.tomcat.TomcatWebServer          : Tomcat initialized with port 8083 (http)
2026-06-20T22:39:02.712+05:30  INFO 7800 --- [AutoPartsHub] [  restartedMain] o.apache.catalina.core.StandardService   : Starting service [Tomcat]
2026-06-20T22:39:02.713+05:30  INFO 7800 --- [AutoPartsHub] [  restartedMain] o.apache.catalina.core.StandardEngine    : Starting Servlet engine: [Apache Tomcat/11.0.22]
2026-06-20T22:39:02.740+05:30  INFO 7800 --- [AutoPartsHub] [  restartedMain] b.w.c.s.WebApplicationContextInitializer : Root WebApplicationContext: initialization completed in 1002 ms
2026-06-20T22:39:02.839+05:30  INFO 7800 --- [AutoPartsHub] [  restartedMain] org.hibernate.orm.jpa                    : HHH008540: Processing PersistenceUnitInfo [name: default]
2026-06-20T22:39:02.898+05:30  INFO 7800 --- [AutoPartsHub] [  restartedMain] o.s.o.j.p.SpringPersistenceUnitInfo      : No LoadTimeWeaver setup: ignoring JPA class transformer
2026-06-20T22:39:02.900+05:30  INFO 7800 --- [AutoPartsHub] [  restartedMain] com.zaxxer.hikari.HikariDataSource       : HikariPool-2 - Starting...
2026-06-20T22:39:03.045+05:30  INFO 7800 --- [AutoPartsHub] [  restartedMain] com.zaxxer.hikari.pool.HikariPool        : HikariPool-2 - Added connection com.mysql.cj.jdbc.ConnectionImpl@7d43998b
2026-06-20T22:39:03.046+05:30  INFO 7800 --- [AutoPartsHub] [  restartedMain] com.zaxxer.hikari.HikariDataSource       : HikariPool-2 - Start completed.
2026-06-20T22:39:03.049+05:30  INFO 7800 --- [AutoPartsHub] [  restartedMain] org.hibernate.orm.connections.pooling    : HHH10001005: Database info:
	Database JDBC URL [jdbc:mysql://localhost:3306/autopartshub]
	Database driver: MySQL Connector/J
	Database dialect: MySQLDialect
	Database version: 8.0.45
	Default catalog/schema: autopartshub/undefined
	Autocommit mode: undefined/unknown
	Isolation level: REPEATABLE_READ [default REPEATABLE_READ]
	JDBC fetch size: none
	Pool: DataSourceConnectionProvider
	Minimum pool size: undefined/unknown
	Maximum pool size: undefined/unknown
2026-06-20T22:39:03.315+05:30  INFO 7800 --- [AutoPartsHub] [  restartedMain] org.hibernate.orm.core                   : HHH000489: No JTA platform available (set 'hibernate.transaction.jta.platform' to enable JTA platform integration)
2026-06-20T22:39:03.446+05:30  INFO 7800 --- [AutoPartsHub] [  restartedMain] j.LocalContainerEntityManagerFactoryBean : Initialized JPA EntityManagerFactory for persistence unit 'default'
2026-06-20T22:39:03.651+05:30  WARN 7800 --- [AutoPartsHub] [  restartedMain] JpaBaseConfiguration$JpaWebConfiguration : spring.jpa.open-in-view is enabled by default. Therefore, database queries may be performed during view rendering. Explicitly configure spring.jpa.open-in-view to disable this warning
2026-06-20T22:39:03.706+05:30  INFO 7800 --- [AutoPartsHub] [  restartedMain] r$InitializeUserDetailsManagerConfigurer : Global AuthenticationManager configured with UserDetailsService bean with name customUserDetailsService
2026-06-20T22:39:03.806+05:30  INFO 7800 --- [AutoPartsHub] [  restartedMain] o.s.b.w.a.WelcomePageHandlerMapping      : Adding welcome page: class path resource [static/index.html]
2026-06-20T22:39:04.033+05:30  INFO 7800 --- [AutoPartsHub] [  restartedMain] o.s.b.a.e.web.EndpointLinksResolver      : Exposing 1 endpoint beneath base path '/actuator'
2026-06-20T22:39:04.065+05:30  INFO 7800 --- [AutoPartsHub] [  restartedMain] o.s.boot.tomcat.TomcatWebServer          : Tomcat started on port 8083 (http) with context path '/'
2026-06-20T22:39:04.071+05:30  INFO 7800 --- [AutoPartsHub] [  restartedMain] c.w.A.AutopartsHubApplication            : Started AutopartsHubApplication in 2.375 seconds (process running for 864.629)
Hibernate: 
    select
        count(*) 
    from
        spare_parts sp1_0
2026-06-20T22:39:04.086+05:30  INFO 7800 --- [AutoPartsHub] [  restartedMain] .ConditionEvaluationDeltaLoggingListener : Condition evaluation unchanged
2026-06-20T22:41:44.157+05:30  INFO 7800 --- [AutoPartsHub] [   File Watcher] rtingClassPathChangeChangedEventListener : Restarting due to 3 class path changes (0 additions, 3 deletions, 0 modifications)
2026-06-20T22:41:44.186+05:30  INFO 7800 --- [AutoPartsHub] [       Thread-5] o.s.boot.tomcat.GracefulShutdown         : Commencing graceful shutdown. Waiting for active requests to complete
2026-06-20T22:41:44.197+05:30  INFO 7800 --- [AutoPartsHub] [tomcat-shutdown] o.s.boot.tomcat.GracefulShutdown         : Graceful shutdown complete
2026-06-20T22:41:44.208+05:30  INFO 7800 --- [AutoPartsHub] [       Thread-5] j.LocalContainerEntityManagerFactoryBean : Closing JPA EntityManagerFactory for persistence unit 'default'
2026-06-20T22:41:44.212+05:30  INFO 7800 --- [AutoPartsHub] [       Thread-5] com.zaxxer.hikari.HikariDataSource       : HikariPool-2 - Shutdown initiated...
2026-06-20T22:41:44.220+05:30  INFO 7800 --- [AutoPartsHub] [       Thread-5] com.zaxxer.hikari.HikariDataSource       : HikariPool-2 - Shutdown completed.

  .   ____          _            __ _ _
 /\\ / ___'_ __ _ _(_)_ __  __ _ \ \ \ \
( ( )\___ | '_ | '_| | '_ \/ _` | \ \ \ \
 \\/  ___)| |_)| | | | | || (_| |  ) ) ) )
  '  |____| .__|_| |_|_| |_\__, | / / / /
 =========|_|==============|___/=/_/_/_/

 :: Spring Boot ::                (v4.1.0)

2026-06-20T22:41:44.470+05:30  INFO 7800 --- [AutoPartsHub] [  restartedMain] c.w.A.AutopartsHubApplication            : Starting AutopartsHubApplication using Java 25.0.1 with PID 7800 (C:\Users\ASUS\Downloads\SPRINGBOOT PROJECTS\AutopartsHub\target\classes started by ASUS in C:\Users\ASUS\Downloads\SPRINGBOOT PROJECTS\AutopartsHub)
2026-06-20T22:41:44.470+05:30  INFO 7800 --- [AutoPartsHub] [  restartedMain] c.w.A.AutopartsHubApplication            : No active profile set, falling back to 1 default profile: "default"
2026-06-20T22:41:45.294+05:30  INFO 7800 --- [AutoPartsHub] [  restartedMain] .s.d.r.c.RepositoryConfigurationDelegate : Bootstrapping Spring Data JPA repositories in DEFAULT mode.
2026-06-20T22:41:45.327+05:30  INFO 7800 --- [AutoPartsHub] [  restartedMain] .s.d.r.c.RepositoryConfigurationDelegate : Finished Spring Data repository scanning in 34 ms. Found 7 JPA repository interfaces.
2026-06-20T22:41:45.586+05:30  INFO 7800 --- [AutoPartsHub] [  restartedMain] o.s.boot.tomcat.TomcatWebServer          : Tomcat initialized with port 8083 (http)
2026-06-20T22:41:45.594+05:30  INFO 7800 --- [AutoPartsHub] [  restartedMain] o.apache.catalina.core.StandardService   : Starting service [Tomcat]
2026-06-20T22:41:45.594+05:30  INFO 7800 --- [AutoPartsHub] [  restartedMain] o.apache.catalina.core.StandardEngine    : Starting Servlet engine: [Apache Tomcat/11.0.22]
2026-06-20T22:41:45.634+05:30  INFO 7800 --- [AutoPartsHub] [  restartedMain] b.w.c.s.WebApplicationContextInitializer : Root WebApplicationContext: initialization completed in 1157 ms
2026-06-20T22:41:45.770+05:30  INFO 7800 --- [AutoPartsHub] [  restartedMain] org.hibernate.orm.jpa                    : HHH008540: Processing PersistenceUnitInfo [name: default]
2026-06-20T22:41:45.829+05:30  INFO 7800 --- [AutoPartsHub] [  restartedMain] o.s.o.j.p.SpringPersistenceUnitInfo      : No LoadTimeWeaver setup: ignoring JPA class transformer
2026-06-20T22:41:45.829+05:30  INFO 7800 --- [AutoPartsHub] [  restartedMain] com.zaxxer.hikari.HikariDataSource       : HikariPool-3 - Starting...
2026-06-20T22:41:45.858+05:30  INFO 7800 --- [AutoPartsHub] [  restartedMain] com.zaxxer.hikari.pool.HikariPool        : HikariPool-3 - Added connection com.mysql.cj.jdbc.ConnectionImpl@23833e90
2026-06-20T22:41:45.858+05:30  INFO 7800 --- [AutoPartsHub] [  restartedMain] com.zaxxer.hikari.HikariDataSource       : HikariPool-3 - Start completed.
2026-06-20T22:41:45.861+05:30  INFO 7800 --- [AutoPartsHub] [  restartedMain] org.hibernate.orm.connections.pooling    : HHH10001005: Database info:
	Database JDBC URL [jdbc:mysql://localhost:3306/autopartshub]
	Database driver: MySQL Connector/J
	Database dialect: MySQLDialect
	Database version: 8.0.45
	Default catalog/schema: autopartshub/undefined
	Autocommit mode: undefined/unknown
	Isolation level: REPEATABLE_READ [default REPEATABLE_READ]
	JDBC fetch size: none
	Pool: DataSourceConnectionProvider
	Minimum pool size: undefined/unknown
	Maximum pool size: undefined/unknown
2026-06-20T22:41:46.191+05:30  INFO 7800 --- [AutoPartsHub] [  restartedMain] org.hibernate.orm.core                   : HHH000489: No JTA platform available (set 'hibernate.transaction.jta.platform' to enable JTA platform integration)
2026-06-20T22:41:46.245+05:30  INFO 7800 --- [AutoPartsHub] [  restartedMain] j.LocalContainerEntityManagerFactoryBean : Initialized JPA EntityManagerFactory for persistence unit 'default'
2026-06-20T22:41:46.354+05:30  WARN 7800 --- [AutoPartsHub] [  restartedMain] ConfigServletWebServerApplicationContext : Exception encountered during context initialization - cancelling refresh attempt: org.springframework.beans.factory.BeanCreationException: Error creating bean with name 'authController': Lookup method resolution failed
2026-06-20T22:41:46.354+05:30  INFO 7800 --- [AutoPartsHub] [  restartedMain] j.LocalContainerEntityManagerFactoryBean : Closing JPA EntityManagerFactory for persistence unit 'default'
2026-06-20T22:41:46.354+05:30  INFO 7800 --- [AutoPartsHub] [  restartedMain] com.zaxxer.hikari.HikariDataSource       : HikariPool-3 - Shutdown initiated...
2026-06-20T22:41:46.368+05:30  INFO 7800 --- [AutoPartsHub] [  restartedMain] com.zaxxer.hikari.HikariDataSource       : HikariPool-3 - Shutdown completed.
2026-06-20T22:41:46.368+05:30  INFO 7800 --- [AutoPartsHub] [  restartedMain] o.apache.catalina.core.StandardService   : Stopping service [Tomcat]
2026-06-20T22:41:46.383+05:30  INFO 7800 --- [AutoPartsHub] [  restartedMain] .s.b.a.l.ConditionEvaluationReportLogger : 

Error starting ApplicationContext. To display the condition evaluation report re-run your application with 'debug' enabled.
2026-06-20T22:41:46.436+05:30 ERROR 7800 --- [AutoPartsHub] [  restartedMain] o.s.boot.SpringApplication               : Application run failed

org.springframework.beans.factory.BeanCreationException: Error creating bean with name 'authController': Lookup method resolution failed
	at org.springframework.beans.factory.annotation.AutowiredAnnotationBeanPostProcessor.checkLookupMethods(AutowiredAnnotationBeanPostProcessor.java:482) ~[spring-beans-7.0.8.jar:7.0.8]
	at org.springframework.beans.factory.annotation.AutowiredAnnotationBeanPostProcessor.determineCandidateConstructors(AutowiredAnnotationBeanPostProcessor.java:352) ~[spring-beans-7.0.8.jar:7.0.8]
	at org.springframework.beans.factory.support.AbstractAutowireCapableBeanFactory.determineConstructorsFromBeanPostProcessors(AbstractAutowireCapableBeanFactory.java:1319) ~[spring-beans-7.0.8.jar:7.0.8]
	at org.springframework.beans.factory.support.AbstractAutowireCapableBeanFactory.createBeanInstance(AbstractAutowireCapableBeanFactory.java:1216) ~[spring-beans-7.0.8.jar:7.0.8]
	at org.springframework.beans.factory.support.AbstractAutowireCapableBeanFactory.doCreateBean(AbstractAutowireCapableBeanFactory.java:565) ~[spring-beans-7.0.8.jar:7.0.8]
	at org.springframework.beans.factory.support.AbstractAutowireCapableBeanFactory.createBean(AbstractAutowireCapableBeanFactory.java:525) ~[spring-beans-7.0.8.jar:7.0.8]
	at org.springframework.beans.factory.support.AbstractBeanFactory.lambda$doGetBean$0(AbstractBeanFactory.java:333) ~[spring-beans-7.0.8.jar:7.0.8]
	at org.springframework.beans.factory.support.DefaultSingletonBeanRegistry.getSingleton(DefaultSingletonBeanRegistry.java:371) ~[spring-beans-7.0.8.jar:7.0.8]
	at org.springframework.beans.factory.support.AbstractBeanFactory.doGetBean(AbstractBeanFactory.java:331) ~[spring-beans-7.0.8.jar:7.0.8]
	at org.springframework.beans.factory.support.AbstractBeanFactory.getBean(AbstractBeanFactory.java:196) ~[spring-beans-7.0.8.jar:7.0.8]
	at org.springframework.beans.factory.support.DefaultListableBeanFactory.instantiateSingleton(DefaultListableBeanFactory.java:1225) ~[spring-beans-7.0.8.jar:7.0.8]
	at org.springframework.beans.factory.support.DefaultListableBeanFactory.preInstantiateSingleton(DefaultListableBeanFactory.java:1191) ~[spring-beans-7.0.8.jar:7.0.8]
	at org.springframework.beans.factory.support.DefaultListableBeanFactory.preInstantiateSingletons(DefaultListableBeanFactory.java:1121) ~[spring-beans-7.0.8.jar:7.0.8]
	at org.springframework.context.support.AbstractApplicationContext.finishBeanFactoryInitialization(AbstractApplicationContext.java:994) ~[spring-context-7.0.8.jar:7.0.8]
	at org.springframework.context.support.AbstractApplicationContext.refresh(AbstractApplicationContext.java:621) ~[spring-context-7.0.8.jar:7.0.8]
	at org.springframework.boot.web.server.servlet.context.ServletWebServerApplicationContext.refresh(ServletWebServerApplicationContext.java:143) ~[spring-boot-web-server-4.1.0.jar:4.1.0]
	at org.springframework.boot.SpringApplication.refresh(SpringApplication.java:756) ~[spring-boot-4.1.0.jar:4.1.0]
	at org.springframework.boot.SpringApplication.refreshContext(SpringApplication.java:445) ~[spring-boot-4.1.0.jar:4.1.0]
	at org.springframework.boot.SpringApplication.run(SpringApplication.java:321) ~[spring-boot-4.1.0.jar:4.1.0]
	at org.springframework.boot.SpringApplication.run(SpringApplication.java:1365) ~[spring-boot-4.1.0.jar:4.1.0]
	at org.springframework.boot.SpringApplication.run(SpringApplication.java:1354) ~[spring-boot-4.1.0.jar:4.1.0]
	at com.website.AutopartsHub.AutopartsHubApplication.main(AutopartsHubApplication.java:10) ~[classes/:na]
	at java.base/jdk.internal.reflect.DirectMethodHandleAccessor.invoke(DirectMethodHandleAccessor.java:104) ~[na:na]
	at java.base/java.lang.reflect.Method.invoke(Method.java:565) ~[na:na]
	at org.springframework.boot.devtools.restart.RestartLauncher.run(RestartLauncher.java:52) ~[spring-boot-devtools-4.1.0.jar:4.1.0]
Caused by: java.lang.IllegalStateException: Failed to introspect Class [com.website.AutopartsHub.controller.AuthController] from ClassLoader [org.springframework.boot.devtools.restart.classloader.RestartClassLoader@3d4be170]
	at org.springframework.util.ReflectionUtils.getDeclaredMethods(ReflectionUtils.java:483) ~[spring-core-7.0.8.jar:7.0.8]
	at org.springframework.util.ReflectionUtils.doWithLocalMethods(ReflectionUtils.java:320) ~[spring-core-7.0.8.jar:7.0.8]
	at org.springframework.beans.factory.annotation.AutowiredAnnotationBeanPostProcessor.checkLookupMethods(AutowiredAnnotationBeanPostProcessor.java:460) ~[spring-beans-7.0.8.jar:7.0.8]
	... 24 common frames omitted
Caused by: java.lang.NoClassDefFoundError: com/website/AutopartsHub/dto/AuthResponse
	at java.base/java.lang.Class.getDeclaredMethods0(Native Method) ~[na:na]
	at java.base/java.lang.Class.privateGetDeclaredMethods(Class.java:3010) ~[na:na]
	at java.base/java.lang.Class.getDeclaredMethods(Class.java:2329) ~[na:na]
	at org.springframework.util.ReflectionUtils.getDeclaredMethods(ReflectionUtils.java:465) ~[spring-core-7.0.8.jar:7.0.8]
	... 26 common frames omitted
Caused by: java.lang.ClassNotFoundException: com.website.AutopartsHub.dto.AuthResponse
	at java.base/jdk.internal.loader.BuiltinClassLoader.loadClass(BuiltinClassLoader.java:580) ~[na:na]
	at java.base/java.lang.ClassLoader.loadClass(ClassLoader.java:490) ~[na:na]
	at java.base/java.lang.Class.forName0(Native Method) ~[na:na]
	at java.base/java.lang.Class.forName(Class.java:547) ~[na:na]
	at org.springframework.boot.devtools.restart.classloader.RestartClassLoader.loadClass(RestartClassLoader.java:123) ~[spring-boot-devtools-4.1.0.jar:4.1.0]
	at java.base/java.lang.ClassLoader.loadClass(ClassLoader.java:490) ~[na:na]
	... 30 common frames omitted


  .   ____          _            __ _ _
 /\\ / ___'_ __ _ _(_)_ __  __ _ \ \ \ \
( ( )\___ | '_ | '_| | '_ \/ _` | \ \ \ \
 \\/  ___)| |_)| | | | | || (_| |  ) ) ) )
  '  |____| .__|_| |_|_| |_\__, | / / / /
 =========|_|==============|___/=/_/_/_/

 :: Spring Boot ::                (v4.1.0)

2026-06-20T22:41:48.770+05:30  INFO 7800 --- [AutoPartsHub] [  restartedMain] c.w.A.AutopartsHubApplication            : Starting AutopartsHubApplication using Java 25.0.1 with PID 7800 (C:\Users\ASUS\Downloads\SPRINGBOOT PROJECTS\AutopartsHub\target\classes started by ASUS in C:\Users\ASUS\Downloads\SPRINGBOOT PROJECTS\AutopartsHub)
2026-06-20T22:41:48.770+05:30  INFO 7800 --- [AutoPartsHub] [  restartedMain] c.w.A.AutopartsHubApplication            : No active profile set, falling back to 1 default profile: "default"
2026-06-20T22:41:49.263+05:30  INFO 7800 --- [AutoPartsHub] [  restartedMain] .s.d.r.c.RepositoryConfigurationDelegate : Bootstrapping Spring Data JPA repositories in DEFAULT mode.
2026-06-20T22:41:49.307+05:30  INFO 7800 --- [AutoPartsHub] [  restartedMain] .s.d.r.c.RepositoryConfigurationDelegate : Finished Spring Data repository scanning in 32 ms. Found 7 JPA repository interfaces.
2026-06-20T22:41:49.546+05:30  INFO 7800 --- [AutoPartsHub] [  restartedMain] o.s.boot.tomcat.TomcatWebServer          : Tomcat initialized with port 8083 (http)
2026-06-20T22:41:49.552+05:30  INFO 7800 --- [AutoPartsHub] [  restartedMain] o.apache.catalina.core.StandardService   : Starting service [Tomcat]
2026-06-20T22:41:49.554+05:30  INFO 7800 --- [AutoPartsHub] [  restartedMain] o.apache.catalina.core.StandardEngine    : Starting Servlet engine: [Apache Tomcat/11.0.22]
2026-06-20T22:41:49.583+05:30  INFO 7800 --- [AutoPartsHub] [  restartedMain] b.w.c.s.WebApplicationContextInitializer : Root WebApplicationContext: initialization completed in 811 ms
2026-06-20T22:41:49.690+05:30  INFO 7800 --- [AutoPartsHub] [  restartedMain] org.hibernate.orm.jpa                    : HHH008540: Processing PersistenceUnitInfo [name: default]
2026-06-20T22:41:49.745+05:30  INFO 7800 --- [AutoPartsHub] [  restartedMain] o.s.o.j.p.SpringPersistenceUnitInfo      : No LoadTimeWeaver setup: ignoring JPA class transformer
2026-06-20T22:41:49.747+05:30  INFO 7800 --- [AutoPartsHub] [  restartedMain] com.zaxxer.hikari.HikariDataSource       : HikariPool-4 - Starting...
2026-06-20T22:41:49.765+05:30  INFO 7800 --- [AutoPartsHub] [  restartedMain] com.zaxxer.hikari.pool.HikariPool        : HikariPool-4 - Added connection com.mysql.cj.jdbc.ConnectionImpl@4a179445
2026-06-20T22:41:49.765+05:30  INFO 7800 --- [AutoPartsHub] [  restartedMain] com.zaxxer.hikari.HikariDataSource       : HikariPool-4 - Start completed.
2026-06-20T22:41:49.772+05:30  INFO 7800 --- [AutoPartsHub] [  restartedMain] org.hibernate.orm.connections.pooling    : HHH10001005: Database info:
	Database JDBC URL [jdbc:mysql://localhost:3306/autopartshub]
	Database driver: MySQL Connector/J
	Database dialect: MySQLDialect
	Database version: 8.0.45
	Default catalog/schema: autopartshub/undefined
	Autocommit mode: undefined/unknown
	Isolation level: REPEATABLE_READ [default REPEATABLE_READ]
	JDBC fetch size: none
	Pool: DataSourceConnectionProvider
	Minimum pool size: undefined/unknown
	Maximum pool size: undefined/unknown
2026-06-20T22:41:50.011+05:30  INFO 7800 --- [AutoPartsHub] [  restartedMain] org.hibernate.orm.core                   : HHH000489: No JTA platform available (set 'hibernate.transaction.jta.platform' to enable JTA platform integration)
2026-06-20T22:41:50.046+05:30  INFO 7800 --- [AutoPartsHub] [  restartedMain] j.LocalContainerEntityManagerFactoryBean : Initialized JPA EntityManagerFactory for persistence unit 'default'
2026-06-20T22:41:50.285+05:30  WARN 7800 --- [AutoPartsHub] [  restartedMain] JpaBaseConfiguration$JpaWebConfiguration : spring.jpa.open-in-view is enabled by default. Therefore, database queries may be performed during view rendering. Explicitly configure spring.jpa.open-in-view to disable this warning
2026-06-20T22:41:50.347+05:30  INFO 7800 --- [AutoPartsHub] [  restartedMain] r$InitializeUserDetailsManagerConfigurer : Global AuthenticationManager configured with UserDetailsService bean with name customUserDetailsService
2026-06-20T22:41:50.493+05:30  INFO 7800 --- [AutoPartsHub] [  restartedMain] o.s.b.w.a.WelcomePageHandlerMapping      : Adding welcome page: class path resource [static/index.html]
2026-06-20T22:41:50.799+05:30  INFO 7800 --- [AutoPartsHub] [  restartedMain] o.s.b.a.e.web.EndpointLinksResolver      : Exposing 1 endpoint beneath base path '/actuator'
2026-06-20T22:41:50.831+05:30  INFO 7800 --- [AutoPartsHub] [  restartedMain] o.s.boot.tomcat.TomcatWebServer          : Tomcat started on port 8083 (http) with context path '/'
2026-06-20T22:41:50.842+05:30  INFO 7800 --- [AutoPartsHub] [  restartedMain] c.w.A.AutopartsHubApplication            : Started AutopartsHubApplication in 2.103 seconds (process running for 1031.4)
Hibernate: 
    select
        c1_0.id,
        c1_0.name 
    from
        category c1_0
Hibernate: 
    select
        sp1_0.id 
    from
        spare_parts sp1_0 
    where
        sp1_0.part_name=? 
        and sp1_0.brand=? 
    limit
        ?
Hibernate: 
    insert 
    into
        category
        (name) 
    values
        (?)
Hibernate: 
    insert 
    into
        spare_parts
        (brand, category_id, description, image_url, part_name, price, stock, vehicle_model) 
    values
        (?, ?, ?, ?, ?, ?, ?, ?)
Hibernate: 
    select
        sp1_0.id 
    from
        spare_parts sp1_0 
    where
        sp1_0.part_name=? 
        and sp1_0.brand=? 
    limit
        ?
Hibernate: 
    select
        sp1_0.id 
    from
        spare_parts sp1_0 
    where
        sp1_0.part_name=? 
        and sp1_0.brand=? 
    limit
        ?
Hibernate: 
    select
        sp1_0.id 
    from
        spare_parts sp1_0 
    where
        sp1_0.part_name=? 
        and sp1_0.brand=? 
    limit
        ?
Hibernate: 
    select
        sp1_0.id 
    from
        spare_parts sp1_0 
    where
        sp1_0.part_name=? 
        and sp1_0.brand=? 
    limit
        ?
Hibernate: 
    select
        sp1_0.id 
    from
        spare_parts sp1_0 
    where
        sp1_0.part_name=? 
        and sp1_0.brand=? 
    limit
        ?
Hibernate: 
    select
        sp1_0.id 
    from
        spare_parts sp1_0 
    where
        sp1_0.part_name=? 
        and sp1_0.brand=? 
    limit
        ?
Hibernate: 
    select
        sp1_0.id 
    from
        spare_parts sp1_0 
    where
        sp1_0.part_name=? 
        and sp1_0.brand=? 
    limit
        ?
2026-06-20T22:41:51.087+05:30  INFO 7800 --- [AutoPartsHub] [  restartedMain] .ConditionEvaluationDeltaLoggingListener : Condition evaluation unchanged
2026-06-20T22:42:00.974+05:30  INFO 7800 --- [AutoPartsHub] [nio-8083-exec-2] o.a.c.c.C.[Tomcat-1].[localhost].[/]     : Initializing Spring DispatcherServlet 'dispatcherServlet'
2026-06-20T22:42:00.974+05:30  INFO 7800 --- [AutoPartsHub] [nio-8083-exec-2] o.s.web.servlet.DispatcherServlet        : Initializing Servlet 'dispatcherServlet'
2026-06-20T22:42:00.977+05:30  INFO 7800 --- [AutoPartsHub] [nio-8083-exec-2] o.s.web.servlet.DispatcherServlet        : Completed initialization in 2 ms
Hibernate: 
    select
        sp1_0.id,
        sp1_0.brand,
        sp1_0.category_id,
        sp1_0.description,
        sp1_0.image_url,
        sp1_0.part_name,
        sp1_0.price,
        sp1_0.stock,
        sp1_0.vehicle_model 
    from
        spare_parts sp1_0
Hibernate: 
    select
        sp1_0.id,
        sp1_0.brand,
        sp1_0.category_id,
        sp1_0.description,
        sp1_0.image_url,
        sp1_0.part_name,
        sp1_0.price,
        sp1_0.stock,
        sp1_0.vehicle_model 
    from
        spare_parts sp1_0
Hibernate: 
    select
        c1_0.id,
        c1_0.name 
    from
        category c1_0 
    where
        c1_0.id=?
Hibernate: 
    select
        c1_0.id,
        c1_0.name 
    from
        category c1_0 
    where
        c1_0.id=?
Hibernate: 
    select
        c1_0.id,
        c1_0.name 
    from
        category c1_0 
    where
        c1_0.id=?
Hibernate: 
    select
        c1_0.id,
        c1_0.name 
    from
        category c1_0 
    where
        c1_0.id=?
Hibernate: 
    select
        c1_0.id,
        c1_0.name 
    from
        category c1_0 
    where
        c1_0.id=?
Hibernate: 
    select
        c1_0.id,
        c1_0.name 
    from
        category c1_0 
    where
        c1_0.id=?
Hibernate: 
    select
        c1_0.id,
        c1_0.name 
    from
        category c1_0 
    where
        c1_0.id=?
Hibernate: 
    select
        c1_0.id,
        c1_0.name 
    from
        category c1_0 
    where
        c1_0.id=?
Hibernate: 
    select
        c1_0.id,
        c1_0.name 
    from
        category c1_0 
    where
        c1_0.id=?
Hibernate: 
    select
        c1_0.id,
        c1_0.name 
    from
        category c1_0 
    where
        c1_0.id=?
Hibernate: 
    select
        c1_0.id,
        c1_0.name 
    from
        category c1_0 
    where
        c1_0.id=?
Hibernate: 
    select
        c1_0.id,
        c1_0.name 
    from
        category c1_0 
    where
        c1_0.id=?
Hibernate: 
    select
        c1_0.id,
        c1_0.name 
    from
        category c1_0 
    where
        c1_0.id=?
Hibernate: 
    select
        c1_0.id,
        c1_0.name 
    from
        category c1_0 
    where
        c1_0.id=?
Hibernate: 
    select
        c1_0.id,
        c1_0.name 
    from
        category c1_0 
    where
        c1_0.id=?
Hibernate: 
    select
        c1_0.id,
        c1_0.name 
    from
        category c1_0 
    where
        c1_0.id=?
Hibernate: 
    select
        sp1_0.id,
        sp1_0.brand,
        sp1_0.category_id,
        sp1_0.description,
        sp1_0.image_url,
        sp1_0.part_name,
        sp1_0.price,
        sp1_0.stock,
        sp1_0.vehicle_model 
    from
        spare_parts sp1_0
Hibernate: 
    select
        c1_0.id,
        c1_0.name 
    from
        category c1_0 
    where
        c1_0.id=?
Hibernate: 
    select
        c1_0.id,
        c1_0.name 
    from
        category c1_0 
    where
        c1_0.id=?
Hibernate: 
    select
        c1_0.id,
        c1_0.name 
    from
        category c1_0 
    where
        c1_0.id=?
Hibernate: 
    select
        c1_0.id,
        c1_0.name 
    from
        category c1_0 
    where
        c1_0.id=?
Hibernate: 
    select
        c1_0.id,
        c1_0.name 
    from
        category c1_0 
    where
        c1_0.id=?
Hibernate: 
    select
        c1_0.id,
        c1_0.name 
    from
        category c1_0 
    where
        c1_0.id=?
Hibernate: 
    select
        c1_0.id,
        c1_0.name 
    from
        category c1_0 
    where
        c1_0.id=?
Hibernate: 
    select
        c1_0.id,
        c1_0.name 
    from
        category c1_0 
    where
        c1_0.id=?
Hibernate: 
    select
        sp1_0.id,
        sp1_0.brand,
        sp1_0.category_id,
        sp1_0.description,
        sp1_0.image_url,
        sp1_0.part_name,
        sp1_0.price,
        sp1_0.stock,
        sp1_0.vehicle_model 
    from
        spare_parts sp1_0
Hibernate: 
    select
        c1_0.id,
        c1_0.name 
    from
        category c1_0 
    where
        c1_0.id=?
Hibernate: 
    select
        c1_0.id,
        c1_0.name 
    from
        category c1_0 
    where
        c1_0.id=?
Hibernate: 
    select
        c1_0.id,
        c1_0.name 
    from
        category c1_0 
    where
        c1_0.id=?
Hibernate: 
    select
        c1_0.id,
        c1_0.name 
    from
        category c1_0 
    where
        c1_0.id=?
Hibernate: 
    select
        c1_0.id,
        c1_0.name 
    from
        category c1_0 
    where
        c1_0.id=?
Hibernate: 
    select
        c1_0.id,
        c1_0.name 
    from
        category c1_0 
    where
        c1_0.id=?
Hibernate: 
    select
        c1_0.id,
        c1_0.name 
    from
        category c1_0 
    where
        c1_0.id=?
Hibernate: 
    select
        c1_0.id,
        c1_0.name 
    from
        category c1_0 
    where
        c1_0.id=?
2026-06-20T22:43:33.419+05:30  INFO 7800 --- [AutoPartsHub] [   File Watcher] rtingClassPathChangeChangedEventListener : Restarting due to 3 class path changes (0 additions, 2 deletions, 1 modification)
2026-06-20T22:43:33.422+05:30  INFO 7800 --- [AutoPartsHub] [       Thread-9] o.s.boot.tomcat.GracefulShutdown         : Commencing graceful shutdown. Waiting for active requests to complete
2026-06-20T22:43:33.432+05:30  INFO 7800 --- [AutoPartsHub] [tomcat-shutdown] o.s.boot.tomcat.GracefulShutdown         : Graceful shutdown complete
2026-06-20T22:43:33.438+05:30  INFO 7800 --- [AutoPartsHub] [       Thread-9] j.LocalContainerEntityManagerFactoryBean : Closing JPA EntityManagerFactory for persistence unit 'default'
2026-06-20T22:43:33.440+05:30  INFO 7800 --- [AutoPartsHub] [       Thread-9] com.zaxxer.hikari.HikariDataSource       : HikariPool-4 - Shutdown initiated...
2026-06-20T22:43:33.450+05:30  INFO 7800 --- [AutoPartsHub] [       Thread-9] com.zaxxer.hikari.HikariDataSource       : HikariPool-4 - Shutdown completed.

  .   ____          _            __ _ _
 /\\ / ___'_ __ _ _(_)_ __  __ _ \ \ \ \
( ( )\___ | '_ | '_| | '_ \/ _` | \ \ \ \
 \\/  ___)| |_)| | | | | || (_| |  ) ) ) )
  '  |____| .__|_| |_|_| |_\__, | / / / /
 =========|_|==============|___/=/_/_/_/

 :: Spring Boot ::                (v4.1.0)

2026-06-20T22:43:33.579+05:30  INFO 7800 --- [AutoPartsHub] [  restartedMain] c.w.A.AutopartsHubApplication            : Starting AutopartsHubApplication using Java 25.0.1 with PID 7800 (C:\Users\ASUS\Downloads\SPRINGBOOT PROJECTS\AutopartsHub\target\classes started by ASUS in C:\Users\ASUS\Downloads\SPRINGBOOT PROJECTS\AutopartsHub)
2026-06-20T22:43:33.580+05:30  INFO 7800 --- [AutoPartsHub] [  restartedMain] c.w.A.AutopartsHubApplication            : No active profile set, falling back to 1 default profile: "default"
2026-06-20T22:43:34.073+05:30  INFO 7800 --- [AutoPartsHub] [  restartedMain] .s.d.r.c.RepositoryConfigurationDelegate : Bootstrapping Spring Data JPA repositories in DEFAULT mode.
2026-06-20T22:43:34.137+05:30  INFO 7800 --- [AutoPartsHub] [  restartedMain] .s.d.r.c.RepositoryConfigurationDelegate : Finished Spring Data repository scanning in 48 ms. Found 6 JPA repository interfaces.
2026-06-20T22:43:34.437+05:30  INFO 7800 --- [AutoPartsHub] [  restartedMain] o.s.boot.tomcat.TomcatWebServer          : Tomcat initialized with port 8083 (http)
2026-06-20T22:43:34.441+05:30  INFO 7800 --- [AutoPartsHub] [  restartedMain] o.apache.catalina.core.StandardService   : Starting service [Tomcat]
2026-06-20T22:43:34.442+05:30  INFO 7800 --- [AutoPartsHub] [  restartedMain] o.apache.catalina.core.StandardEngine    : Starting Servlet engine: [Apache Tomcat/11.0.22]
2026-06-20T22:43:34.476+05:30  INFO 7800 --- [AutoPartsHub] [  restartedMain] b.w.c.s.WebApplicationContextInitializer : Root WebApplicationContext: initialization completed in 893 ms
2026-06-20T22:43:34.615+05:30  INFO 7800 --- [AutoPartsHub] [  restartedMain] org.hibernate.orm.jpa                    : HHH008540: Processing PersistenceUnitInfo [name: default]
2026-06-20T22:43:34.702+05:30  INFO 7800 --- [AutoPartsHub] [  restartedMain] o.s.o.j.p.SpringPersistenceUnitInfo      : No LoadTimeWeaver setup: ignoring JPA class transformer
2026-06-20T22:43:34.705+05:30  INFO 7800 --- [AutoPartsHub] [  restartedMain] com.zaxxer.hikari.HikariDataSource       : HikariPool-5 - Starting...
2026-06-20T22:43:34.739+05:30  INFO 7800 --- [AutoPartsHub] [  restartedMain] com.zaxxer.hikari.pool.HikariPool        : HikariPool-5 - Added connection com.mysql.cj.jdbc.ConnectionImpl@13f862a3
2026-06-20T22:43:34.740+05:30  INFO 7800 --- [AutoPartsHub] [  restartedMain] com.zaxxer.hikari.HikariDataSource       : HikariPool-5 - Start completed.
2026-06-20T22:43:34.742+05:30  INFO 7800 --- [AutoPartsHub] [  restartedMain] org.hibernate.orm.connections.pooling    : HHH10001005: Database info:
	Database JDBC URL [jdbc:mysql://localhost:3306/autopartshub]
	Database driver: MySQL Connector/J
	Database dialect: MySQLDialect
	Database version: 8.0.45
	Default catalog/schema: autopartshub/undefined
	Autocommit mode: undefined/unknown
	Isolation level: REPEATABLE_READ [default REPEATABLE_READ]
	JDBC fetch size: none
	Pool: DataSourceConnectionProvider
	Minimum pool size: undefined/unknown
	Maximum pool size: undefined/unknown
2026-06-20T22:43:35.000+05:30  INFO 7800 --- [AutoPartsHub] [  restartedMain] org.hibernate.orm.core                   : HHH000489: No JTA platform available (set 'hibernate.transaction.jta.platform' to enable JTA platform integration)
2026-06-20T22:43:35.056+05:30  INFO 7800 --- [AutoPartsHub] [  restartedMain] j.LocalContainerEntityManagerFactoryBean : Initialized JPA EntityManagerFactory for persistence unit 'default'
2026-06-20T22:43:35.210+05:30  WARN 7800 --- [AutoPartsHub] [  restartedMain] ConfigServletWebServerApplicationContext : Exception encountered during context initialization - cancelling refresh attempt: org.springframework.beans.factory.UnsatisfiedDependencyException: Error creating bean with name 'cartController' defined in file [C:\Users\ASUS\Downloads\SPRINGBOOT PROJECTS\AutopartsHub\target\classes\com\website\AutopartsHub\controller\CartController.class]: Unsatisfied dependency expressed through constructor parameter 0: Error creating bean with name 'cartServiceImpl' defined in file [C:\Users\ASUS\Downloads\SPRINGBOOT PROJECTS\AutopartsHub\target\classes\com\website\AutopartsHub\service\impl\CartServiceImpl.class]: Unsatisfied dependency expressed through constructor parameter 3: No qualifying bean of type 'com.website.AutopartsHub.repository.SparePartRepository' available: expected at least 1 bean which qualifies as autowire candidate. Dependency annotations: {}
2026-06-20T22:43:35.211+05:30  INFO 7800 --- [AutoPartsHub] [  restartedMain] j.LocalContainerEntityManagerFactoryBean : Closing JPA EntityManagerFactory for persistence unit 'default'
2026-06-20T22:43:35.213+05:30  INFO 7800 --- [AutoPartsHub] [  restartedMain] com.zaxxer.hikari.HikariDataSource       : HikariPool-5 - Shutdown initiated...
2026-06-20T22:43:35.239+05:30  INFO 7800 --- [AutoPartsHub] [  restartedMain] com.zaxxer.hikari.HikariDataSource       : HikariPool-5 - Shutdown completed.
2026-06-20T22:43:35.241+05:30  INFO 7800 --- [AutoPartsHub] [  restartedMain] o.apache.catalina.core.StandardService   : Stopping service [Tomcat]
2026-06-20T22:43:35.252+05:30  INFO 7800 --- [AutoPartsHub] [  restartedMain] .s.b.a.l.ConditionEvaluationReportLogger : 

Error starting ApplicationContext. To display the condition evaluation report re-run your application with 'debug' enabled.
2026-06-20T22:43:35.266+05:30 ERROR 7800 --- [AutoPartsHub] [  restartedMain] o.s.b.d.LoggingFailureAnalysisReporter   : 

***************************
APPLICATION FAILED TO START
***************************

Description:

Parameter 3 of constructor in com.website.AutopartsHub.service.impl.CartServiceImpl required a bean of type 'com.website.AutopartsHub.repository.SparePartRepository' that could not be found.


Action:

Consider defining a bean of type 'com.website.AutopartsHub.repository.SparePartRepository' in your configuration.


  .   ____          _            __ _ _
 /\\ / ___'_ __ _ _(_)_ __  __ _ \ \ \ \
( ( )\___ | '_ | '_| | '_ \/ _` | \ \ \ \
 \\/  ___)| |_)| | | | | || (_| |  ) ) ) )
  '  |____| .__|_| |_|_| |_\__, | / / / /
 =========|_|==============|___/=/_/_/_/

 :: Spring Boot ::                (v4.1.0)

2026-06-20T22:43:36.738+05:30  INFO 7800 --- [AutoPartsHub] [  restartedMain] c.w.A.AutopartsHubApplication            : Starting AutopartsHubApplication using Java 25.0.1 with PID 7800 (C:\Users\ASUS\Downloads\SPRINGBOOT PROJECTS\AutopartsHub\target\classes started by ASUS in C:\Users\ASUS\Downloads\SPRINGBOOT PROJECTS\AutopartsHub)
2026-06-20T22:43:36.738+05:30  INFO 7800 --- [AutoPartsHub] [  restartedMain] c.w.A.AutopartsHubApplication            : No active profile set, falling back to 1 default profile: "default"
2026-06-20T22:43:37.195+05:30  INFO 7800 --- [AutoPartsHub] [  restartedMain] .s.d.r.c.RepositoryConfigurationDelegate : Bootstrapping Spring Data JPA repositories in DEFAULT mode.
2026-06-20T22:43:37.233+05:30  INFO 7800 --- [AutoPartsHub] [  restartedMain] .s.d.r.c.RepositoryConfigurationDelegate : Finished Spring Data repository scanning in 35 ms. Found 7 JPA repository interfaces.
2026-06-20T22:43:37.457+05:30  INFO 7800 --- [AutoPartsHub] [  restartedMain] o.s.boot.tomcat.TomcatWebServer          : Tomcat initialized with port 8083 (http)
2026-06-20T22:43:37.459+05:30  INFO 7800 --- [AutoPartsHub] [  restartedMain] o.apache.catalina.core.StandardService   : Starting service [Tomcat]
2026-06-20T22:43:37.460+05:30  INFO 7800 --- [AutoPartsHub] [  restartedMain] o.apache.catalina.core.StandardEngine    : Starting Servlet engine: [Apache Tomcat/11.0.22]
2026-06-20T22:43:37.480+05:30  INFO 7800 --- [AutoPartsHub] [  restartedMain] b.w.c.s.WebApplicationContextInitializer : Root WebApplicationContext: initialization completed in 739 ms
2026-06-20T22:43:37.586+05:30  INFO 7800 --- [AutoPartsHub] [  restartedMain] org.hibernate.orm.jpa                    : HHH008540: Processing PersistenceUnitInfo [name: default]
2026-06-20T22:43:37.626+05:30  INFO 7800 --- [AutoPartsHub] [  restartedMain] o.s.o.j.p.SpringPersistenceUnitInfo      : No LoadTimeWeaver setup: ignoring JPA class transformer
2026-06-20T22:43:37.629+05:30  INFO 7800 --- [AutoPartsHub] [  restartedMain] com.zaxxer.hikari.HikariDataSource       : HikariPool-6 - Starting...
2026-06-20T22:43:37.647+05:30  INFO 7800 --- [AutoPartsHub] [  restartedMain] com.zaxxer.hikari.pool.HikariPool        : HikariPool-6 - Added connection com.mysql.cj.jdbc.ConnectionImpl@42ca1c95
2026-06-20T22:43:37.647+05:30  INFO 7800 --- [AutoPartsHub] [  restartedMain] com.zaxxer.hikari.HikariDataSource       : HikariPool-6 - Start completed.
2026-06-20T22:43:37.650+05:30  INFO 7800 --- [AutoPartsHub] [  restartedMain] org.hibernate.orm.connections.pooling    : HHH10001005: Database info:
	Database JDBC URL [jdbc:mysql://localhost:3306/autopartshub]
	Database driver: MySQL Connector/J
	Database dialect: MySQLDialect
	Database version: 8.0.45
	Default catalog/schema: autopartshub/undefined
	Autocommit mode: undefined/unknown
	Isolation level: REPEATABLE_READ [default REPEATABLE_READ]
	JDBC fetch size: none
	Pool: DataSourceConnectionProvider
	Minimum pool size: undefined/unknown
	Maximum pool size: undefined/unknown
2026-06-20T22:43:37.834+05:30  INFO 7800 --- [AutoPartsHub] [  restartedMain] org.hibernate.orm.core                   : HHH000489: No JTA platform available (set 'hibernate.transaction.jta.platform' to enable JTA platform integration)
2026-06-20T22:43:37.873+05:30  INFO 7800 --- [AutoPartsHub] [  restartedMain] j.LocalContainerEntityManagerFactoryBean : Initialized JPA EntityManagerFactory for persistence unit 'default'
2026-06-20T22:43:38.033+05:30  WARN 7800 --- [AutoPartsHub] [  restartedMain] JpaBaseConfiguration$JpaWebConfiguration : spring.jpa.open-in-view is enabled by default. Therefore, database queries may be performed during view rendering. Explicitly configure spring.jpa.open-in-view to disable this warning
2026-06-20T22:43:38.074+05:30  INFO 7800 --- [AutoPartsHub] [  restartedMain] r$InitializeUserDetailsManagerConfigurer : Global AuthenticationManager configured with UserDetailsService bean with name customUserDetailsService
2026-06-20T22:43:38.156+05:30  INFO 7800 --- [AutoPartsHub] [  restartedMain] o.s.b.w.a.WelcomePageHandlerMapping      : Adding welcome page: class path resource [static/index.html]
2026-06-20T22:43:38.354+05:30  INFO 7800 --- [AutoPartsHub] [  restartedMain] o.s.b.a.e.web.EndpointLinksResolver      : Exposing 1 endpoint beneath base path '/actuator'
2026-06-20T22:43:38.380+05:30  INFO 7800 --- [AutoPartsHub] [  restartedMain] o.s.boot.tomcat.TomcatWebServer          : Tomcat started on port 8083 (http) with context path '/'
2026-06-20T22:43:38.384+05:30  INFO 7800 --- [AutoPartsHub] [  restartedMain] c.w.A.AutopartsHubApplication            : Started AutopartsHubApplication in 1.677 seconds (process running for 1138.941)
Hibernate: 
    select
        c1_0.id,
        c1_0.name 
    from
        category c1_0
Hibernate: 
    select
        sp1_0.id 
    from
        spare_parts sp1_0 
    where
        sp1_0.part_name=? 
        and sp1_0.brand=? 
    limit
        ?
Hibernate: 
    select
        sp1_0.id 
    from
        spare_parts sp1_0 
    where
        sp1_0.part_name=? 
        and sp1_0.brand=? 
    limit
        ?
Hibernate: 
    select
        sp1_0.id 
    from
        spare_parts sp1_0 
    where
        sp1_0.part_name=? 
        and sp1_0.brand=? 
    limit
        ?
Hibernate: 
    select
        sp1_0.id 
    from
        spare_parts sp1_0 
    where
        sp1_0.part_name=? 
        and sp1_0.brand=? 
    limit
        ?
Hibernate: 
    select
        sp1_0.id 
    from
        spare_parts sp1_0 
    where
        sp1_0.part_name=? 
        and sp1_0.brand=? 
    limit
        ?
Hibernate: 
    select
        sp1_0.id 
    from
        spare_parts sp1_0 
    where
        sp1_0.part_name=? 
        and sp1_0.brand=? 
    limit
        ?
Hibernate: 
    select
        sp1_0.id 
    from
        spare_parts sp1_0 
    where
        sp1_0.part_name=? 
        and sp1_0.brand=? 
    limit
        ?
Hibernate: 
    select
        sp1_0.id 
    from
        spare_parts sp1_0 
    where
        sp1_0.part_name=? 
        and sp1_0.brand=? 
    limit
        ?
2026-06-20T22:43:38.447+05:30  INFO 7800 --- [AutoPartsHub] [  restartedMain] .ConditionEvaluationDeltaLoggingListener : Condition evaluation unchanged
2026-06-20T22:47:43.126+05:30  INFO 7800 --- [AutoPartsHub] [   File Watcher] rtingClassPathChangeChangedEventListener : Restarting due to 4 class path changes (0 additions, 3 deletions, 1 modification)
2026-06-20T22:47:43.166+05:30  INFO 7800 --- [AutoPartsHub] [      Thread-16] o.s.boot.tomcat.GracefulShutdown         : Commencing graceful shutdown. Waiting for active requests to complete
2026-06-20T22:47:43.184+05:30  INFO 7800 --- [AutoPartsHub] [tomcat-shutdown] o.s.boot.tomcat.GracefulShutdown         : Graceful shutdown complete
2026-06-20T22:47:43.204+05:30  INFO 7800 --- [AutoPartsHub] [      Thread-16] j.LocalContainerEntityManagerFactoryBean : Closing JPA EntityManagerFactory for persistence unit 'default'
2026-06-20T22:47:43.222+05:30  INFO 7800 --- [AutoPartsHub] [      Thread-16] com.zaxxer.hikari.HikariDataSource       : HikariPool-6 - Shutdown initiated...
2026-06-20T22:47:43.245+05:30  INFO 7800 --- [AutoPartsHub] [      Thread-16] com.zaxxer.hikari.HikariDataSource       : HikariPool-6 - Shutdown completed.

  .   ____          _            __ _ _
 /\\ / ___'_ __ _ _(_)_ __  __ _ \ \ \ \
( ( )\___ | '_ | '_| | '_ \/ _` | \ \ \ \
 \\/  ___)| |_)| | | | | || (_| |  ) ) ) )
  '  |____| .__|_| |_|_| |_\__, | / / / /
 =========|_|==============|___/=/_/_/_/

 :: Spring Boot ::                (v4.1.0)

2026-06-20T22:47:43.558+05:30  INFO 7800 --- [AutoPartsHub] [  restartedMain] c.w.A.AutopartsHubApplication            : Starting AutopartsHubApplication using Java 25.0.1 with PID 7800 (C:\Users\ASUS\Downloads\SPRINGBOOT PROJECTS\AutopartsHub\target\classes started by ASUS in C:\Users\ASUS\Downloads\SPRINGBOOT PROJECTS\AutopartsHub)
2026-06-20T22:47:43.559+05:30  INFO 7800 --- [AutoPartsHub] [  restartedMain] c.w.A.AutopartsHubApplication            : No active profile set, falling back to 1 default profile: "default"
2026-06-20T22:47:44.216+05:30  INFO 7800 --- [AutoPartsHub] [  restartedMain] .s.d.r.c.RepositoryConfigurationDelegate : Bootstrapping Spring Data JPA repositories in DEFAULT mode.
2026-06-20T22:47:44.266+05:30  INFO 7800 --- [AutoPartsHub] [  restartedMain] .s.d.r.c.RepositoryConfigurationDelegate : Finished Spring Data repository scanning in 40 ms. Found 7 JPA repository interfaces.
2026-06-20T22:47:44.939+05:30  INFO 7800 --- [AutoPartsHub] [  restartedMain] o.s.boot.tomcat.TomcatWebServer          : Tomcat initialized with port 8083 (http)
2026-06-20T22:47:44.943+05:30  INFO 7800 --- [AutoPartsHub] [  restartedMain] o.apache.catalina.core.StandardService   : Starting service [Tomcat]
2026-06-20T22:47:44.943+05:30  INFO 7800 --- [AutoPartsHub] [  restartedMain] o.apache.catalina.core.StandardEngine    : Starting Servlet engine: [Apache Tomcat/11.0.22]
2026-06-20T22:47:44.986+05:30  INFO 7800 --- [AutoPartsHub] [  restartedMain] b.w.c.s.WebApplicationContextInitializer : Root WebApplicationContext: initialization completed in 1421 ms
2026-06-20T22:47:45.223+05:30  INFO 7800 --- [AutoPartsHub] [  restartedMain] org.hibernate.orm.jpa                    : HHH008540: Processing PersistenceUnitInfo [name: default]
2026-06-20T22:47:45.309+05:30  INFO 7800 --- [AutoPartsHub] [  restartedMain] o.s.o.j.p.SpringPersistenceUnitInfo      : No LoadTimeWeaver setup: ignoring JPA class transformer
2026-06-20T22:47:45.316+05:30  INFO 7800 --- [AutoPartsHub] [  restartedMain] com.zaxxer.hikari.HikariDataSource       : HikariPool-7 - Starting...
2026-06-20T22:47:45.370+05:30  INFO 7800 --- [AutoPartsHub] [  restartedMain] com.zaxxer.hikari.pool.HikariPool        : HikariPool-7 - Added connection com.mysql.cj.jdbc.ConnectionImpl@6d46fc2f
2026-06-20T22:47:45.370+05:30  INFO 7800 --- [AutoPartsHub] [  restartedMain] com.zaxxer.hikari.HikariDataSource       : HikariPool-7 - Start completed.
2026-06-20T22:47:45.375+05:30  INFO 7800 --- [AutoPartsHub] [  restartedMain] org.hibernate.orm.connections.pooling    : HHH10001005: Database info:
	Database JDBC URL [jdbc:mysql://localhost:3306/autopartshub]
	Database driver: MySQL Connector/J
	Database dialect: MySQLDialect
	Database version: 8.0.45
	Default catalog/schema: autopartshub/undefined
	Autocommit mode: undefined/unknown
	Isolation level: REPEATABLE_READ [default REPEATABLE_READ]
	JDBC fetch size: none
	Pool: DataSourceConnectionProvider
	Minimum pool size: undefined/unknown
	Maximum pool size: undefined/unknown
2026-06-20T22:47:45.737+05:30  INFO 7800 --- [AutoPartsHub] [  restartedMain] org.hibernate.orm.core                   : HHH000489: No JTA platform available (set 'hibernate.transaction.jta.platform' to enable JTA platform integration)
2026-06-20T22:47:45.816+05:30  INFO 7800 --- [AutoPartsHub] [  restartedMain] j.LocalContainerEntityManagerFactoryBean : Initialized JPA EntityManagerFactory for persistence unit 'default'
2026-06-20T22:47:45.921+05:30  WARN 7800 --- [AutoPartsHub] [  restartedMain] ConfigServletWebServerApplicationContext : Exception encountered during context initialization - cancelling refresh attempt: org.springframework.beans.factory.BeanCreationException: Error creating bean with name 'authController': Lookup method resolution failed
2026-06-20T22:47:45.923+05:30  INFO 7800 --- [AutoPartsHub] [  restartedMain] j.LocalContainerEntityManagerFactoryBean : Closing JPA EntityManagerFactory for persistence unit 'default'
2026-06-20T22:47:45.926+05:30  INFO 7800 --- [AutoPartsHub] [  restartedMain] com.zaxxer.hikari.HikariDataSource       : HikariPool-7 - Shutdown initiated...
2026-06-20T22:47:45.965+05:30  INFO 7800 --- [AutoPartsHub] [  restartedMain] com.zaxxer.hikari.HikariDataSource       : HikariPool-7 - Shutdown completed.
2026-06-20T22:47:45.966+05:30  INFO 7800 --- [AutoPartsHub] [  restartedMain] o.apache.catalina.core.StandardService   : Stopping service [Tomcat]
2026-06-20T22:47:45.976+05:30  INFO 7800 --- [AutoPartsHub] [  restartedMain] .s.b.a.l.ConditionEvaluationReportLogger : 

Error starting ApplicationContext. To display the condition evaluation report re-run your application with 'debug' enabled.
2026-06-20T22:47:45.981+05:30 ERROR 7800 --- [AutoPartsHub] [  restartedMain] o.s.boot.SpringApplication               : Application run failed

org.springframework.beans.factory.BeanCreationException: Error creating bean with name 'authController': Lookup method resolution failed
	at org.springframework.beans.factory.annotation.AutowiredAnnotationBeanPostProcessor.checkLookupMethods(AutowiredAnnotationBeanPostProcessor.java:482) ~[spring-beans-7.0.8.jar:7.0.8]
	at org.springframework.beans.factory.annotation.AutowiredAnnotationBeanPostProcessor.determineCandidateConstructors(AutowiredAnnotationBeanPostProcessor.java:352) ~[spring-beans-7.0.8.jar:7.0.8]
	at org.springframework.beans.factory.support.AbstractAutowireCapableBeanFactory.determineConstructorsFromBeanPostProcessors(AbstractAutowireCapableBeanFactory.java:1319) ~[spring-beans-7.0.8.jar:7.0.8]
	at org.springframework.beans.factory.support.AbstractAutowireCapableBeanFactory.createBeanInstance(AbstractAutowireCapableBeanFactory.java:1216) ~[spring-beans-7.0.8.jar:7.0.8]
	at org.springframework.beans.factory.support.AbstractAutowireCapableBeanFactory.doCreateBean(AbstractAutowireCapableBeanFactory.java:565) ~[spring-beans-7.0.8.jar:7.0.8]
	at org.springframework.beans.factory.support.AbstractAutowireCapableBeanFactory.createBean(AbstractAutowireCapableBeanFactory.java:525) ~[spring-beans-7.0.8.jar:7.0.8]
	at org.springframework.beans.factory.support.AbstractBeanFactory.lambda$doGetBean$0(AbstractBeanFactory.java:333) ~[spring-beans-7.0.8.jar:7.0.8]
	at org.springframework.beans.factory.support.DefaultSingletonBeanRegistry.getSingleton(DefaultSingletonBeanRegistry.java:371) ~[spring-beans-7.0.8.jar:7.0.8]
	at org.springframework.beans.factory.support.AbstractBeanFactory.doGetBean(AbstractBeanFactory.java:331) ~[spring-beans-7.0.8.jar:7.0.8]
	at org.springframework.beans.factory.support.AbstractBeanFactory.getBean(AbstractBeanFactory.java:196) ~[spring-beans-7.0.8.jar:7.0.8]
	at org.springframework.beans.factory.support.DefaultListableBeanFactory.instantiateSingleton(DefaultListableBeanFactory.java:1225) ~[spring-beans-7.0.8.jar:7.0.8]
	at org.springframework.beans.factory.support.DefaultListableBeanFactory.preInstantiateSingleton(DefaultListableBeanFactory.java:1191) ~[spring-beans-7.0.8.jar:7.0.8]
	at org.springframework.beans.factory.support.DefaultListableBeanFactory.preInstantiateSingletons(DefaultListableBeanFactory.java:1121) ~[spring-beans-7.0.8.jar:7.0.8]
	at org.springframework.context.support.AbstractApplicationContext.finishBeanFactoryInitialization(AbstractApplicationContext.java:994) ~[spring-context-7.0.8.jar:7.0.8]
	at org.springframework.context.support.AbstractApplicationContext.refresh(AbstractApplicationContext.java:621) ~[spring-context-7.0.8.jar:7.0.8]
	at org.springframework.boot.web.server.servlet.context.ServletWebServerApplicationContext.refresh(ServletWebServerApplicationContext.java:143) ~[spring-boot-web-server-4.1.0.jar:4.1.0]
	at org.springframework.boot.SpringApplication.refresh(SpringApplication.java:756) ~[spring-boot-4.1.0.jar:4.1.0]
	at org.springframework.boot.SpringApplication.refreshContext(SpringApplication.java:445) ~[spring-boot-4.1.0.jar:4.1.0]
	at org.springframework.boot.SpringApplication.run(SpringApplication.java:321) ~[spring-boot-4.1.0.jar:4.1.0]
	at org.springframework.boot.SpringApplication.run(SpringApplication.java:1365) ~[spring-boot-4.1.0.jar:4.1.0]
	at org.springframework.boot.SpringApplication.run(SpringApplication.java:1354) ~[spring-boot-4.1.0.jar:4.1.0]
	at com.website.AutopartsHub.AutopartsHubApplication.main(AutopartsHubApplication.java:10) ~[classes/:na]
	at java.base/jdk.internal.reflect.DirectMethodHandleAccessor.invoke(DirectMethodHandleAccessor.java:104) ~[na:na]
	at java.base/java.lang.reflect.Method.invoke(Method.java:565) ~[na:na]
	at org.springframework.boot.devtools.restart.RestartLauncher.run(RestartLauncher.java:52) ~[spring-boot-devtools-4.1.0.jar:4.1.0]
Caused by: java.lang.IllegalStateException: Failed to introspect Class [com.website.AutopartsHub.controller.AuthController] from ClassLoader [org.springframework.boot.devtools.restart.classloader.RestartClassLoader@4eac97ee]
	at org.springframework.util.ReflectionUtils.getDeclaredMethods(ReflectionUtils.java:483) ~[spring-core-7.0.8.jar:7.0.8]
	at org.springframework.util.ReflectionUtils.doWithLocalMethods(ReflectionUtils.java:320) ~[spring-core-7.0.8.jar:7.0.8]
	at org.springframework.beans.factory.annotation.AutowiredAnnotationBeanPostProcessor.checkLookupMethods(AutowiredAnnotationBeanPostProcessor.java:460) ~[spring-beans-7.0.8.jar:7.0.8]
	... 24 common frames omitted
Caused by: java.lang.NoClassDefFoundError: com/website/AutopartsHub/dto/AuthResponse
	at java.base/java.lang.Class.getDeclaredMethods0(Native Method) ~[na:na]
	at java.base/java.lang.Class.privateGetDeclaredMethods(Class.java:3010) ~[na:na]
	at java.base/java.lang.Class.getDeclaredMethods(Class.java:2329) ~[na:na]
	at org.springframework.util.ReflectionUtils.getDeclaredMethods(ReflectionUtils.java:465) ~[spring-core-7.0.8.jar:7.0.8]
	... 26 common frames omitted
Caused by: java.lang.ClassNotFoundException: com.website.AutopartsHub.dto.AuthResponse
	at java.base/jdk.internal.loader.BuiltinClassLoader.loadClass(BuiltinClassLoader.java:580) ~[na:na]
	at java.base/java.lang.ClassLoader.loadClass(ClassLoader.java:490) ~[na:na]
	at java.base/java.lang.Class.forName0(Native Method) ~[na:na]
	at java.base/java.lang.Class.forName(Class.java:547) ~[na:na]
	at org.springframework.boot.devtools.restart.classloader.RestartClassLoader.loadClass(RestartClassLoader.java:123) ~[spring-boot-devtools-4.1.0.jar:4.1.0]
	at java.base/java.lang.ClassLoader.loadClass(ClassLoader.java:490) ~[na:na]
	... 30 common frames omitted


  .   ____          _            __ _ _
 /\\ / ___'_ __ _ _(_)_ __  __ _ \ \ \ \
( ( )\___ | '_ | '_| | '_ \/ _` | \ \ \ \
 \\/  ___)| |_)| | | | | || (_| |  ) ) ) )
  '  |____| .__|_| |_|_| |_\__, | / / / /
 =========|_|==============|___/=/_/_/_/

 :: Spring Boot ::                (v4.1.0)

2026-06-20T22:47:47.909+05:30  INFO 7800 --- [AutoPartsHub] [  restartedMain] c.w.A.AutopartsHubApplication            : Starting AutopartsHubApplication using Java 25.0.1 with PID 7800 (C:\Users\ASUS\Downloads\SPRINGBOOT PROJECTS\AutopartsHub\target\classes started by ASUS in C:\Users\ASUS\Downloads\SPRINGBOOT PROJECTS\AutopartsHub)
2026-06-20T22:47:47.910+05:30  INFO 7800 --- [AutoPartsHub] [  restartedMain] c.w.A.AutopartsHubApplication            : No active profile set, falling back to 1 default profile: "default"
2026-06-20T22:47:48.405+05:30  INFO 7800 --- [AutoPartsHub] [  restartedMain] .s.d.r.c.RepositoryConfigurationDelegate : Bootstrapping Spring Data JPA repositories in DEFAULT mode.
2026-06-20T22:47:48.443+05:30  INFO 7800 --- [AutoPartsHub] [  restartedMain] .s.d.r.c.RepositoryConfigurationDelegate : Finished Spring Data repository scanning in 27 ms. Found 7 JPA repository interfaces.
2026-06-20T22:47:48.666+05:30  INFO 7800 --- [AutoPartsHub] [  restartedMain] o.s.boot.tomcat.TomcatWebServer          : Tomcat initialized with port 8083 (http)
2026-06-20T22:47:48.676+05:30  INFO 7800 --- [AutoPartsHub] [  restartedMain] o.apache.catalina.core.StandardService   : Starting service [Tomcat]
2026-06-20T22:47:48.677+05:30  INFO 7800 --- [AutoPartsHub] [  restartedMain] o.apache.catalina.core.StandardEngine    : Starting Servlet engine: [Apache Tomcat/11.0.22]
2026-06-20T22:47:48.701+05:30  INFO 7800 --- [AutoPartsHub] [  restartedMain] b.w.c.s.WebApplicationContextInitializer : Root WebApplicationContext: initialization completed in 788 ms
2026-06-20T22:47:48.796+05:30  INFO 7800 --- [AutoPartsHub] [  restartedMain] org.hibernate.orm.jpa                    : HHH008540: Processing PersistenceUnitInfo [name: default]
2026-06-20T22:47:48.836+05:30  INFO 7800 --- [AutoPartsHub] [  restartedMain] o.s.o.j.p.SpringPersistenceUnitInfo      : No LoadTimeWeaver setup: ignoring JPA class transformer
2026-06-20T22:47:48.838+05:30  INFO 7800 --- [AutoPartsHub] [  restartedMain] com.zaxxer.hikari.HikariDataSource       : HikariPool-8 - Starting...
2026-06-20T22:47:48.858+05:30  INFO 7800 --- [AutoPartsHub] [  restartedMain] com.zaxxer.hikari.pool.HikariPool        : HikariPool-8 - Added connection com.mysql.cj.jdbc.ConnectionImpl@4ce69ea2
2026-06-20T22:47:48.858+05:30  INFO 7800 --- [AutoPartsHub] [  restartedMain] com.zaxxer.hikari.HikariDataSource       : HikariPool-8 - Start completed.
2026-06-20T22:47:48.861+05:30  INFO 7800 --- [AutoPartsHub] [  restartedMain] org.hibernate.orm.connections.pooling    : HHH10001005: Database info:
	Database JDBC URL [jdbc:mysql://localhost:3306/autopartshub]
	Database driver: MySQL Connector/J
	Database dialect: MySQLDialect
	Database version: 8.0.45
	Default catalog/schema: autopartshub/undefined
	Autocommit mode: undefined/unknown
	Isolation level: REPEATABLE_READ [default REPEATABLE_READ]
	JDBC fetch size: none
	Pool: DataSourceConnectionProvider
	Minimum pool size: undefined/unknown
	Maximum pool size: undefined/unknown
2026-06-20T22:47:49.060+05:30  INFO 7800 --- [AutoPartsHub] [  restartedMain] org.hibernate.orm.core                   : HHH000489: No JTA platform available (set 'hibernate.transaction.jta.platform' to enable JTA platform integration)
2026-06-20T22:47:49.095+05:30  INFO 7800 --- [AutoPartsHub] [  restartedMain] j.LocalContainerEntityManagerFactoryBean : Initialized JPA EntityManagerFactory for persistence unit 'default'
2026-06-20T22:47:49.269+05:30  WARN 7800 --- [AutoPartsHub] [  restartedMain] JpaBaseConfiguration$JpaWebConfiguration : spring.jpa.open-in-view is enabled by default. Therefore, database queries may be performed during view rendering. Explicitly configure spring.jpa.open-in-view to disable this warning
2026-06-20T22:47:49.327+05:30  INFO 7800 --- [AutoPartsHub] [  restartedMain] r$InitializeUserDetailsManagerConfigurer : Global AuthenticationManager configured with UserDetailsService bean with name customUserDetailsService
2026-06-20T22:47:49.410+05:30  INFO 7800 --- [AutoPartsHub] [  restartedMain] o.s.b.w.a.WelcomePageHandlerMapping      : Adding welcome page: class path resource [static/index.html]
2026-06-20T22:47:49.665+05:30  INFO 7800 --- [AutoPartsHub] [  restartedMain] o.s.b.a.e.web.EndpointLinksResolver      : Exposing 1 endpoint beneath base path '/actuator'
2026-06-20T22:47:49.702+05:30  INFO 7800 --- [AutoPartsHub] [  restartedMain] o.s.boot.tomcat.TomcatWebServer          : Tomcat started on port 8083 (http) with context path '/'
2026-06-20T22:47:49.707+05:30  INFO 7800 --- [AutoPartsHub] [  restartedMain] c.w.A.AutopartsHubApplication            : Started AutopartsHubApplication in 1.84 seconds (process running for 1390.264)
Hibernate: 
    select
        c1_0.id,
        c1_0.name 
    from
        category c1_0
Hibernate: 
    select
        sp1_0.id,
        sp1_0.brand,
        sp1_0.category_id,
        sp1_0.description,
        sp1_0.image_url,
        sp1_0.part_name,
        sp1_0.price,
        sp1_0.stock,
        sp1_0.vehicle_model 
    from
        spare_parts sp1_0 
    where
        sp1_0.part_name=? 
        and sp1_0.brand=?
Hibernate: 
    select
        c1_0.id,
        c1_0.name 
    from
        category c1_0 
    where
        c1_0.id=?
Hibernate: 
    select
        sp1_0.id,
        sp1_0.brand,
        c1_0.id,
        c1_0.name,
        sp1_0.description,
        sp1_0.image_url,
        sp1_0.part_name,
        sp1_0.price,
        sp1_0.stock,
        sp1_0.vehicle_model 
    from
        spare_parts sp1_0 
    left join
        category c1_0 
            on c1_0.id=sp1_0.category_id 
    where
        sp1_0.id=?
Hibernate: 
    update
        spare_parts 
    set
        brand=?,
        category_id=?,
        description=?,
        image_url=?,
        part_name=?,
        price=?,
        stock=?,
        vehicle_model=? 
    where
        id=?
Hibernate: 
    select
        sp1_0.id 
    from
        spare_parts sp1_0 
    where
        sp1_0.part_name=? 
        and sp1_0.brand=? 
    limit
        ?
Hibernate: 
    select
        sp1_0.id 
    from
        spare_parts sp1_0 
    where
        sp1_0.part_name=? 
        and sp1_0.brand=? 
    limit
        ?
Hibernate: 
    select
        sp1_0.id 
    from
        spare_parts sp1_0 
    where
        sp1_0.part_name=? 
        and sp1_0.brand=? 
    limit
        ?
Hibernate: 
    select
        sp1_0.id 
    from
        spare_parts sp1_0 
    where
        sp1_0.part_name=? 
        and sp1_0.brand=? 
    limit
        ?
Hibernate: 
    select
        sp1_0.id 
    from
        spare_parts sp1_0 
    where
        sp1_0.part_name=? 
        and sp1_0.brand=? 
    limit
        ?
Hibernate: 
    select
        sp1_0.id 
    from
        spare_parts sp1_0 
    where
        sp1_0.part_name=? 
        and sp1_0.brand=? 
    limit
        ?
Hibernate: 
    select
        sp1_0.id 
    from
        spare_parts sp1_0 
    where
        sp1_0.part_name=? 
        and sp1_0.brand=? 
    limit
        ?
Hibernate: 
    select
        sp1_0.id 
    from
        spare_parts sp1_0 
    where
        sp1_0.part_name=? 
        and sp1_0.brand=? 
    limit
        ?
2026-06-20T22:47:49.812+05:30  INFO 7800 --- [AutoPartsHub] [  restartedMain] .ConditionEvaluationDeltaLoggingListener : Condition evaluation unchanged
2026-06-20T22:48:03.572+05:30  INFO 7800 --- [AutoPartsHub] [nio-8083-exec-1] o.a.c.c.C.[Tomcat-3].[localhost].[/]     : Initializing Spring DispatcherServlet 'dispatcherServlet'
2026-06-20T22:48:03.573+05:30  INFO 7800 --- [AutoPartsHub] [nio-8083-exec-1] o.s.web.servlet.DispatcherServlet        : Initializing Servlet 'dispatcherServlet'
2026-06-20T22:48:03.576+05:30  INFO 7800 --- [AutoPartsHub] [nio-8083-exec-1] o.s.web.servlet.DispatcherServlet        : Completed initialization in 3 ms
Hibernate: 
    select
        sp1_0.id,
        sp1_0.brand,
        sp1_0.category_id,
        sp1_0.description,
        sp1_0.image_url,
        sp1_0.part_name,
        sp1_0.price,
        sp1_0.stock,
        sp1_0.vehicle_model 
    from
        spare_parts sp1_0
Hibernate: 
    select
        c1_0.id,
        c1_0.name 
    from
        category c1_0 
    where
        c1_0.id=?
Hibernate: 
    select
        c1_0.id,
        c1_0.name 
    from
        category c1_0 
    where
        c1_0.id=?
Hibernate: 
    select
        c1_0.id,
        c1_0.name 
    from
        category c1_0 
    where
        c1_0.id=?
Hibernate: 
    select
        c1_0.id,
        c1_0.name 
    from
        category c1_0 
    where
        c1_0.id=?
Hibernate: 
    select
        c1_0.id,
        c1_0.name 
    from
        category c1_0 
    where
        c1_0.id=?
Hibernate: 
    select
        c1_0.id,
        c1_0.name 
    from
        category c1_0 
    where
        c1_0.id=?
Hibernate: 
    select
        c1_0.id,
        c1_0.name 
    from
        category c1_0 
    where
        c1_0.id=?
Hibernate: 
    select
        c1_0.id,
        c1_0.name 
    from
        category c1_0 
    where
        c1_0.id=?
2026-06-20T22:48:22.595+05:30  INFO 7800 --- [AutoPartsHub] [   File Watcher] rtingClassPathChangeChangedEventListener : Restarting due to 3 class path changes (0 additions, 2 deletions, 1 modification)
2026-06-20T22:48:22.600+05:30  INFO 7800 --- [AutoPartsHub] [      Thread-23] o.s.boot.tomcat.GracefulShutdown         : Commencing graceful shutdown. Waiting for active requests to complete
2026-06-20T22:48:22.610+05:30  INFO 7800 --- [AutoPartsHub] [tomcat-shutdown] o.s.boot.tomcat.GracefulShutdown         : Graceful shutdown complete
2026-06-20T22:48:22.616+05:30  INFO 7800 --- [AutoPartsHub] [      Thread-23] j.LocalContainerEntityManagerFactoryBean : Closing JPA EntityManagerFactory for persistence unit 'default'
2026-06-20T22:48:22.619+05:30  INFO 7800 --- [AutoPartsHub] [      Thread-23] com.zaxxer.hikari.HikariDataSource       : HikariPool-8 - Shutdown initiated...
2026-06-20T22:48:22.627+05:30  INFO 7800 --- [AutoPartsHub] [      Thread-23] com.zaxxer.hikari.HikariDataSource       : HikariPool-8 - Shutdown completed.

  .   ____          _            __ _ _
 /\\ / ___'_ __ _ _(_)_ __  __ _ \ \ \ \
( ( )\___ | '_ | '_| | '_ \/ _` | \ \ \ \
 \\/  ___)| |_)| | | | | || (_| |  ) ) ) )
  '  |____| .__|_| |_|_| |_\__, | / / / /
 =========|_|==============|___/=/_/_/_/

 :: Spring Boot ::                (v4.1.0)

2026-06-20T22:48:22.786+05:30  INFO 7800 --- [AutoPartsHub] [  restartedMain] c.w.A.AutopartsHubApplication            : Starting AutopartsHubApplication using Java 25.0.1 with PID 7800 (C:\Users\ASUS\Downloads\SPRINGBOOT PROJECTS\AutopartsHub\target\classes started by ASUS in C:\Users\ASUS\Downloads\SPRINGBOOT PROJECTS\AutopartsHub)
2026-06-20T22:48:22.788+05:30  INFO 7800 --- [AutoPartsHub] [  restartedMain] c.w.A.AutopartsHubApplication            : No active profile set, falling back to 1 default profile: "default"
2026-06-20T22:48:23.334+05:30  INFO 7800 --- [AutoPartsHub] [  restartedMain] .s.d.r.c.RepositoryConfigurationDelegate : Bootstrapping Spring Data JPA repositories in DEFAULT mode.
2026-06-20T22:48:23.381+05:30  INFO 7800 --- [AutoPartsHub] [  restartedMain] .s.d.r.c.RepositoryConfigurationDelegate : Finished Spring Data repository scanning in 35 ms. Found 6 JPA repository interfaces.
2026-06-20T22:48:23.660+05:30  INFO 7800 --- [AutoPartsHub] [  restartedMain] o.s.boot.tomcat.TomcatWebServer          : Tomcat initialized with port 8083 (http)
2026-06-20T22:48:23.663+05:30  INFO 7800 --- [AutoPartsHub] [  restartedMain] o.apache.catalina.core.StandardService   : Starting service [Tomcat]
2026-06-20T22:48:23.664+05:30  INFO 7800 --- [AutoPartsHub] [  restartedMain] o.apache.catalina.core.StandardEngine    : Starting Servlet engine: [Apache Tomcat/11.0.22]
2026-06-20T22:48:23.706+05:30  INFO 7800 --- [AutoPartsHub] [  restartedMain] b.w.c.s.WebApplicationContextInitializer : Root WebApplicationContext: initialization completed in 915 ms
2026-06-20T22:48:23.801+05:30  INFO 7800 --- [AutoPartsHub] [  restartedMain] org.hibernate.orm.jpa                    : HHH008540: Processing PersistenceUnitInfo [name: default]
2026-06-20T22:48:23.864+05:30  INFO 7800 --- [AutoPartsHub] [  restartedMain] o.s.o.j.p.SpringPersistenceUnitInfo      : No LoadTimeWeaver setup: ignoring JPA class transformer
2026-06-20T22:48:23.866+05:30  INFO 7800 --- [AutoPartsHub] [  restartedMain] com.zaxxer.hikari.HikariDataSource       : HikariPool-9 - Starting...
2026-06-20T22:48:23.895+05:30  INFO 7800 --- [AutoPartsHub] [  restartedMain] com.zaxxer.hikari.pool.HikariPool        : HikariPool-9 - Added connection com.mysql.cj.jdbc.ConnectionImpl@2a27a6d
2026-06-20T22:48:23.896+05:30  INFO 7800 --- [AutoPartsHub] [  restartedMain] com.zaxxer.hikari.HikariDataSource       : HikariPool-9 - Start completed.
2026-06-20T22:48:23.899+05:30  INFO 7800 --- [AutoPartsHub] [  restartedMain] org.hibernate.orm.connections.pooling    : HHH10001005: Database info:
	Database JDBC URL [jdbc:mysql://localhost:3306/autopartshub]
	Database driver: MySQL Connector/J
	Database dialect: MySQLDialect
	Database version: 8.0.45
	Default catalog/schema: autopartshub/undefined
	Autocommit mode: undefined/unknown
	Isolation level: REPEATABLE_READ [default REPEATABLE_READ]
	JDBC fetch size: none
	Pool: DataSourceConnectionProvider
	Minimum pool size: undefined/unknown
	Maximum pool size: undefined/unknown
2026-06-20T22:48:24.114+05:30  INFO 7800 --- [AutoPartsHub] [  restartedMain] org.hibernate.orm.core                   : HHH000489: No JTA platform available (set 'hibernate.transaction.jta.platform' to enable JTA platform integration)
2026-06-20T22:48:24.155+05:30  INFO 7800 --- [AutoPartsHub] [  restartedMain] j.LocalContainerEntityManagerFactoryBean : Initialized JPA EntityManagerFactory for persistence unit 'default'
2026-06-20T22:48:24.243+05:30  WARN 7800 --- [AutoPartsHub] [  restartedMain] ConfigServletWebServerApplicationContext : Exception encountered during context initialization - cancelling refresh attempt: org.springframework.beans.factory.UnsatisfiedDependencyException: Error creating bean with name 'cartController' defined in file [C:\Users\ASUS\Downloads\SPRINGBOOT PROJECTS\AutopartsHub\target\classes\com\website\AutopartsHub\controller\CartController.class]: Unsatisfied dependency expressed through constructor parameter 0: Error creating bean with name 'cartServiceImpl': Resolution of declared constructors on bean Class [com.website.AutopartsHub.service.impl.CartServiceImpl] from ClassLoader [org.springframework.boot.devtools.restart.classloader.RestartClassLoader@1fee6cc2] failed
2026-06-20T22:48:24.244+05:30  INFO 7800 --- [AutoPartsHub] [  restartedMain] j.LocalContainerEntityManagerFactoryBean : Closing JPA EntityManagerFactory for persistence unit 'default'
2026-06-20T22:48:24.244+05:30  INFO 7800 --- [AutoPartsHub] [  restartedMain] com.zaxxer.hikari.HikariDataSource       : HikariPool-9 - Shutdown initiated...
2026-06-20T22:48:24.266+05:30  INFO 7800 --- [AutoPartsHub] [  restartedMain] com.zaxxer.hikari.HikariDataSource       : HikariPool-9 - Shutdown completed.
2026-06-20T22:48:24.268+05:30  INFO 7800 --- [AutoPartsHub] [  restartedMain] o.apache.catalina.core.StandardService   : Stopping service [Tomcat]
2026-06-20T22:48:24.279+05:30  INFO 7800 --- [AutoPartsHub] [  restartedMain] .s.b.a.l.ConditionEvaluationReportLogger : 

Error starting ApplicationContext. To display the condition evaluation report re-run your application with 'debug' enabled.
2026-06-20T22:48:24.282+05:30 ERROR 7800 --- [AutoPartsHub] [  restartedMain] o.s.boot.SpringApplication               : Application run failed

org.springframework.beans.factory.UnsatisfiedDependencyException: Error creating bean with name 'cartController' defined in file [C:\Users\ASUS\Downloads\SPRINGBOOT PROJECTS\AutopartsHub\target\classes\com\website\AutopartsHub\controller\CartController.class]: Unsatisfied dependency expressed through constructor parameter 0: Error creating bean with name 'cartServiceImpl': Resolution of declared constructors on bean Class [com.website.AutopartsHub.service.impl.CartServiceImpl] from ClassLoader [org.springframework.boot.devtools.restart.classloader.RestartClassLoader@1fee6cc2] failed
	at org.springframework.beans.factory.support.ConstructorResolver.createArgumentArray(ConstructorResolver.java:804) ~[spring-beans-7.0.8.jar:7.0.8]
	at org.springframework.beans.factory.support.ConstructorResolver.autowireConstructor(ConstructorResolver.java:240) ~[spring-beans-7.0.8.jar:7.0.8]
	at org.springframework.beans.factory.support.AbstractAutowireCapableBeanFactory.autowireConstructor(AbstractAutowireCapableBeanFactory.java:1380) ~[spring-beans-7.0.8.jar:7.0.8]
	at org.springframework.beans.factory.support.AbstractAutowireCapableBeanFactory.createBeanInstance(AbstractAutowireCapableBeanFactory.java:1219) ~[spring-beans-7.0.8.jar:7.0.8]
	at org.springframework.beans.factory.support.AbstractAutowireCapableBeanFactory.doCreateBean(AbstractAutowireCapableBeanFactory.java:565) ~[spring-beans-7.0.8.jar:7.0.8]
	at org.springframework.beans.factory.support.AbstractAutowireCapableBeanFactory.createBean(AbstractAutowireCapableBeanFactory.java:525) ~[spring-beans-7.0.8.jar:7.0.8]
	at org.springframework.beans.factory.support.AbstractBeanFactory.lambda$doGetBean$0(AbstractBeanFactory.java:333) ~[spring-beans-7.0.8.jar:7.0.8]
	at org.springframework.beans.factory.support.DefaultSingletonBeanRegistry.getSingleton(DefaultSingletonBeanRegistry.java:371) ~[spring-beans-7.0.8.jar:7.0.8]
	at org.springframework.beans.factory.support.AbstractBeanFactory.doGetBean(AbstractBeanFactory.java:331) ~[spring-beans-7.0.8.jar:7.0.8]
	at org.springframework.beans.factory.support.AbstractBeanFactory.getBean(AbstractBeanFactory.java:196) ~[spring-beans-7.0.8.jar:7.0.8]
	at org.springframework.beans.factory.support.DefaultListableBeanFactory.instantiateSingleton(DefaultListableBeanFactory.java:1225) ~[spring-beans-7.0.8.jar:7.0.8]
	at org.springframework.beans.factory.support.DefaultListableBeanFactory.preInstantiateSingleton(DefaultListableBeanFactory.java:1191) ~[spring-beans-7.0.8.jar:7.0.8]
	at org.springframework.beans.factory.support.DefaultListableBeanFactory.preInstantiateSingletons(DefaultListableBeanFactory.java:1121) ~[spring-beans-7.0.8.jar:7.0.8]
	at org.springframework.context.support.AbstractApplicationContext.finishBeanFactoryInitialization(AbstractApplicationContext.java:994) ~[spring-context-7.0.8.jar:7.0.8]
	at org.springframework.context.support.AbstractApplicationContext.refresh(AbstractApplicationContext.java:621) ~[spring-context-7.0.8.jar:7.0.8]
	at org.springframework.boot.web.server.servlet.context.ServletWebServerApplicationContext.refresh(ServletWebServerApplicationContext.java:143) ~[spring-boot-web-server-4.1.0.jar:4.1.0]
	at org.springframework.boot.SpringApplication.refresh(SpringApplication.java:756) ~[spring-boot-4.1.0.jar:4.1.0]
	at org.springframework.boot.SpringApplication.refreshContext(SpringApplication.java:445) ~[spring-boot-4.1.0.jar:4.1.0]
	at org.springframework.boot.SpringApplication.run(SpringApplication.java:321) ~[spring-boot-4.1.0.jar:4.1.0]
	at org.springframework.boot.SpringApplication.run(SpringApplication.java:1365) ~[spring-boot-4.1.0.jar:4.1.0]
	at org.springframework.boot.SpringApplication.run(SpringApplication.java:1354) ~[spring-boot-4.1.0.jar:4.1.0]
	at com.website.AutopartsHub.AutopartsHubApplication.main(AutopartsHubApplication.java:10) ~[classes/:na]
	at java.base/jdk.internal.reflect.DirectMethodHandleAccessor.invoke(DirectMethodHandleAccessor.java:104) ~[na:na]
	at java.base/java.lang.reflect.Method.invoke(Method.java:565) ~[na:na]
	at org.springframework.boot.devtools.restart.RestartLauncher.run(RestartLauncher.java:52) ~[spring-boot-devtools-4.1.0.jar:4.1.0]
Caused by: org.springframework.beans.factory.BeanCreationException: Error creating bean with name 'cartServiceImpl': Resolution of declared constructors on bean Class [com.website.AutopartsHub.service.impl.CartServiceImpl] from ClassLoader [org.springframework.boot.devtools.restart.classloader.RestartClassLoader@1fee6cc2] failed
	at org.springframework.beans.factory.annotation.AutowiredAnnotationBeanPostProcessor.determineCandidateConstructors(AutowiredAnnotationBeanPostProcessor.java:368) ~[spring-beans-7.0.8.jar:7.0.8]
	at org.springframework.beans.factory.support.AbstractAutowireCapableBeanFactory.determineConstructorsFromBeanPostProcessors(AbstractAutowireCapableBeanFactory.java:1319) ~[spring-beans-7.0.8.jar:7.0.8]
	at org.springframework.beans.factory.support.AbstractAutowireCapableBeanFactory.createBeanInstance(AbstractAutowireCapableBeanFactory.java:1216) ~[spring-beans-7.0.8.jar:7.0.8]
	at org.springframework.beans.factory.support.AbstractAutowireCapableBeanFactory.doCreateBean(AbstractAutowireCapableBeanFactory.java:565) ~[spring-beans-7.0.8.jar:7.0.8]
	at org.springframework.beans.factory.support.AbstractAutowireCapableBeanFactory.createBean(AbstractAutowireCapableBeanFactory.java:525) ~[spring-beans-7.0.8.jar:7.0.8]
	at org.springframework.beans.factory.support.AbstractBeanFactory.lambda$doGetBean$0(AbstractBeanFactory.java:333) ~[spring-beans-7.0.8.jar:7.0.8]
	at org.springframework.beans.factory.support.DefaultSingletonBeanRegistry.getSingleton(DefaultSingletonBeanRegistry.java:371) ~[spring-beans-7.0.8.jar:7.0.8]
	at org.springframework.beans.factory.support.AbstractBeanFactory.doGetBean(AbstractBeanFactory.java:331) ~[spring-beans-7.0.8.jar:7.0.8]
	at org.springframework.beans.factory.support.AbstractBeanFactory.getBean(AbstractBeanFactory.java:201) ~[spring-beans-7.0.8.jar:7.0.8]
	at org.springframework.beans.factory.config.DependencyDescriptor.resolveCandidate(DependencyDescriptor.java:229) ~[spring-beans-7.0.8.jar:7.0.8]
	at org.springframework.beans.factory.support.DefaultListableBeanFactory.doResolveDependency(DefaultListableBeanFactory.java:1769) ~[spring-beans-7.0.8.jar:7.0.8]
	at org.springframework.beans.factory.support.DefaultListableBeanFactory.resolveDependency(DefaultListableBeanFactory.java:1658) ~[spring-beans-7.0.8.jar:7.0.8]
	at org.springframework.beans.factory.support.ConstructorResolver.resolveAutowiredArgument(ConstructorResolver.java:912) ~[spring-beans-7.0.8.jar:7.0.8]
	at org.springframework.beans.factory.support.ConstructorResolver.createArgumentArray(ConstructorResolver.java:791) ~[spring-beans-7.0.8.jar:7.0.8]
	... 24 common frames omitted
Caused by: java.lang.NoClassDefFoundError: com/website/AutopartsHub/repository/SparePartRepository
	at java.base/java.lang.Class.getDeclaredConstructors0(Native Method) ~[na:na]
	at java.base/java.lang.Class.privateGetDeclaredConstructors(Class.java:2985) ~[na:na]
	at java.base/java.lang.Class.getDeclaredConstructors(Class.java:2354) ~[na:na]
	at org.springframework.beans.factory.annotation.AutowiredAnnotationBeanPostProcessor.determineCandidateConstructors(AutowiredAnnotationBeanPostProcessor.java:363) ~[spring-beans-7.0.8.jar:7.0.8]
	... 37 common frames omitted
Caused by: java.lang.ClassNotFoundException: com.website.AutopartsHub.repository.SparePartRepository
	at java.base/jdk.internal.loader.BuiltinClassLoader.loadClass(BuiltinClassLoader.java:580) ~[na:na]
	at java.base/java.lang.ClassLoader.loadClass(ClassLoader.java:490) ~[na:na]
	at java.base/java.lang.Class.forName0(Native Method) ~[na:na]
	at java.base/java.lang.Class.forName(Class.java:547) ~[na:na]
	at org.springframework.boot.devtools.restart.classloader.RestartClassLoader.loadClass(RestartClassLoader.java:123) ~[spring-boot-devtools-4.1.0.jar:4.1.0]
	at java.base/java.lang.ClassLoader.loadClass(ClassLoader.java:490) ~[na:na]
	... 41 common frames omitted


  .   ____          _            __ _ _
 /\\ / ___'_ __ _ _(_)_ __  __ _ \ \ \ \
( ( )\___ | '_ | '_| | '_ \/ _` | \ \ \ \
 \\/  ___)| |_)| | | | | || (_| |  ) ) ) )
  '  |____| .__|_| |_|_| |_\__, | / / / /
 =========|_|==============|___/=/_/_/_/

 :: Spring Boot ::                (v4.1.0)

2026-06-20T22:48:26.185+05:30  INFO 7800 --- [AutoPartsHub] [  restartedMain] c.w.A.AutopartsHubApplication            : Starting AutopartsHubApplication using Java 25.0.1 with PID 7800 (C:\Users\ASUS\Downloads\SPRINGBOOT PROJECTS\AutopartsHub\target\classes started by ASUS in C:\Users\ASUS\Downloads\SPRINGBOOT PROJECTS\AutopartsHub)
2026-06-20T22:48:26.187+05:30  INFO 7800 --- [AutoPartsHub] [  restartedMain] c.w.A.AutopartsHubApplication            : No active profile set, falling back to 1 default profile: "default"
2026-06-20T22:48:26.638+05:30  INFO 7800 --- [AutoPartsHub] [  restartedMain] .s.d.r.c.RepositoryConfigurationDelegate : Bootstrapping Spring Data JPA repositories in DEFAULT mode.
2026-06-20T22:48:26.663+05:30  INFO 7800 --- [AutoPartsHub] [  restartedMain] .s.d.r.c.RepositoryConfigurationDelegate : Finished Spring Data repository scanning in 24 ms. Found 7 JPA repository interfaces.
2026-06-20T22:48:26.852+05:30  INFO 7800 --- [AutoPartsHub] [  restartedMain] o.s.boot.tomcat.TomcatWebServer          : Tomcat initialized with port 8083 (http)
2026-06-20T22:48:26.855+05:30  INFO 7800 --- [AutoPartsHub] [  restartedMain] o.apache.catalina.core.StandardService   : Starting service [Tomcat]
2026-06-20T22:48:26.857+05:30  INFO 7800 --- [AutoPartsHub] [  restartedMain] o.apache.catalina.core.StandardEngine    : Starting Servlet engine: [Apache Tomcat/11.0.22]
2026-06-20T22:48:26.887+05:30  INFO 7800 --- [AutoPartsHub] [  restartedMain] b.w.c.s.WebApplicationContextInitializer : Root WebApplicationContext: initialization completed in 697 ms
2026-06-20T22:48:26.966+05:30  INFO 7800 --- [AutoPartsHub] [  restartedMain] org.hibernate.orm.jpa                    : HHH008540: Processing PersistenceUnitInfo [name: default]
2026-06-20T22:48:27.006+05:30  INFO 7800 --- [AutoPartsHub] [  restartedMain] o.s.o.j.p.SpringPersistenceUnitInfo      : No LoadTimeWeaver setup: ignoring JPA class transformer
2026-06-20T22:48:27.006+05:30  INFO 7800 --- [AutoPartsHub] [  restartedMain] com.zaxxer.hikari.HikariDataSource       : HikariPool-10 - Starting...
2026-06-20T22:48:27.027+05:30  INFO 7800 --- [AutoPartsHub] [  restartedMain] com.zaxxer.hikari.pool.HikariPool        : HikariPool-10 - Added connection com.mysql.cj.jdbc.ConnectionImpl@1f9c88b6
2026-06-20T22:48:27.028+05:30  INFO 7800 --- [AutoPartsHub] [  restartedMain] com.zaxxer.hikari.HikariDataSource       : HikariPool-10 - Start completed.
2026-06-20T22:48:27.030+05:30  INFO 7800 --- [AutoPartsHub] [  restartedMain] org.hibernate.orm.connections.pooling    : HHH10001005: Database info:
	Database JDBC URL [jdbc:mysql://localhost:3306/autopartshub]
	Database driver: MySQL Connector/J
	Database dialect: MySQLDialect
	Database version: 8.0.45
	Default catalog/schema: autopartshub/undefined
	Autocommit mode: undefined/unknown
	Isolation level: REPEATABLE_READ [default REPEATABLE_READ]
	JDBC fetch size: none
	Pool: DataSourceConnectionProvider
	Minimum pool size: undefined/unknown
	Maximum pool size: undefined/unknown
2026-06-20T22:48:27.205+05:30  INFO 7800 --- [AutoPartsHub] [  restartedMain] org.hibernate.orm.core                   : HHH000489: No JTA platform available (set 'hibernate.transaction.jta.platform' to enable JTA platform integration)
2026-06-20T22:48:27.234+05:30  INFO 7800 --- [AutoPartsHub] [  restartedMain] j.LocalContainerEntityManagerFactoryBean : Initialized JPA EntityManagerFactory for persistence unit 'default'
2026-06-20T22:48:27.446+05:30  WARN 7800 --- [AutoPartsHub] [  restartedMain] JpaBaseConfiguration$JpaWebConfiguration : spring.jpa.open-in-view is enabled by default. Therefore, database queries may be performed during view rendering. Explicitly configure spring.jpa.open-in-view to disable this warning
2026-06-20T22:48:27.508+05:30  INFO 7800 --- [AutoPartsHub] [  restartedMain] r$InitializeUserDetailsManagerConfigurer : Global AuthenticationManager configured with UserDetailsService bean with name customUserDetailsService
2026-06-20T22:48:27.585+05:30  INFO 7800 --- [AutoPartsHub] [  restartedMain] o.s.b.w.a.WelcomePageHandlerMapping      : Adding welcome page: class path resource [static/index.html]
2026-06-20T22:48:27.724+05:30  INFO 7800 --- [AutoPartsHub] [  restartedMain] o.s.b.a.e.web.EndpointLinksResolver      : Exposing 1 endpoint beneath base path '/actuator'
2026-06-20T22:48:27.747+05:30  INFO 7800 --- [AutoPartsHub] [  restartedMain] o.s.boot.tomcat.TomcatWebServer          : Tomcat started on port 8083 (http) with context path '/'
2026-06-20T22:48:27.752+05:30  INFO 7800 --- [AutoPartsHub] [  restartedMain] c.w.A.AutopartsHubApplication            : Started AutopartsHubApplication in 1.598 seconds (process running for 1428.309)
Hibernate: 
    select
        c1_0.id,
        c1_0.name 
    from
        category c1_0
Hibernate: 
    select
        sp1_0.id,
        sp1_0.brand,
        sp1_0.category_id,
        sp1_0.description,
        sp1_0.image_url,
        sp1_0.part_name,
        sp1_0.price,
        sp1_0.stock,
        sp1_0.vehicle_model 
    from
        spare_parts sp1_0 
    where
        sp1_0.part_name=? 
        and sp1_0.brand=?
Hibernate: 
    select
        c1_0.id,
        c1_0.name 
    from
        category c1_0 
    where
        c1_0.id=?
Hibernate: 
    select
        sp1_0.id 
    from
        spare_parts sp1_0 
    where
        sp1_0.part_name=? 
        and sp1_0.brand=? 
    limit
        ?
Hibernate: 
    select
        sp1_0.id 
    from
        spare_parts sp1_0 
    where
        sp1_0.part_name=? 
        and sp1_0.brand=? 
    limit
        ?
Hibernate: 
    select
        sp1_0.id 
    from
        spare_parts sp1_0 
    where
        sp1_0.part_name=? 
        and sp1_0.brand=? 
    limit
        ?
Hibernate: 
    select
        sp1_0.id 
    from
        spare_parts sp1_0 
    where
        sp1_0.part_name=? 
        and sp1_0.brand=? 
    limit
        ?
Hibernate: 
    select
        sp1_0.id 
    from
        spare_parts sp1_0 
    where
        sp1_0.part_name=? 
        and sp1_0.brand=? 
    limit
        ?
Hibernate: 
    select
        sp1_0.id 
    from
        spare_parts sp1_0 
    where
        sp1_0.part_name=? 
        and sp1_0.brand=? 
    limit
        ?
Hibernate: 
    select
        sp1_0.id 
    from
        spare_parts sp1_0 
    where
        sp1_0.part_name=? 
        and sp1_0.brand=? 
    limit
        ?
Hibernate: 
    select
        sp1_0.id 
    from
        spare_parts sp1_0 
    where
        sp1_0.part_name=? 
        and sp1_0.brand=? 
    limit
        ?
2026-06-20T22:48:27.827+05:30  INFO 7800 --- [AutoPartsHub] [  restartedMain] .ConditionEvaluationDeltaLoggingListener : Condition evaluation unchanged
