[INFO] Scanning for projects...
[WARNING] 
[WARNING] Some problems were encountered while building the effective model for com.website:AutopartsHub:jar:0.0.1-SNAPSHOT
[WARNING] 'dependencies.dependency.(groupId:artifactId:type:classifier)' must be unique: io.jsonwebtoken:jjwt-api:jar -> duplicate declaration of version 0.12.6 @ line 90, column 15
[WARNING] 'dependencies.dependency.(groupId:artifactId:type:classifier)' must be unique: io.jsonwebtoken:jjwt-impl:jar -> duplicate declaration of version 0.12.6 @ line 96, column 15
[WARNING] 'dependencies.dependency.(groupId:artifactId:type:classifier)' must be unique: io.jsonwebtoken:jjwt-jackson:jar -> duplicate declaration of version 0.12.6 @ line 103, column 15
[WARNING] 
[WARNING] It is highly recommended to fix these problems because they threaten the stability of your build.
[WARNING] 
[WARNING] For this reason, future Maven versions might no longer support building such malformed projects.
[WARNING] 
[INFO] 
[INFO] ----------------------< com.website:AutopartsHub >----------------------
[INFO] Building  0.0.1-SNAPSHOT
[INFO]   from pom.xml
[INFO] --------------------------------[ jar ]---------------------------------
[INFO] 
[INFO] >>> spring-boot:4.1.0:run (default-cli) > test-compile @ AutopartsHub >>>
[INFO] 
[INFO] --- resources:3.5.0:resources (default-resources) @ AutopartsHub ---
[INFO] Copying 1 resource from src\main\resources to target\classes
[INFO] Copying 1 resource from src\main\resources to target\classes
[INFO] 
[INFO] --- compiler:3.15.0:compile (default-compile) @ AutopartsHub ---
[INFO] Nothing to compile - all classes are up to date.
[INFO] 
[INFO] --- resources:3.5.0:testResources (default-testResources) @ AutopartsHub ---
[INFO] skip non existing resourceDirectory C:\Users\ASUS\Downloads\SPRINGBOOT PROJECTS\AutopartsHub\src\test\resources
[INFO] 
[INFO] --- compiler:3.15.0:testCompile (default-testCompile) @ AutopartsHub ---
[INFO] Nothing to compile - all classes are up to date.
[INFO] 
[INFO] <<< spring-boot:4.1.0:run (default-cli) < test-compile @ AutopartsHub <<<
[INFO] 
[INFO] 
[INFO] --- spring-boot:4.1.0:run (default-cli) @ AutopartsHub ---
[INFO] Attaching agents: []

  .   ____          _            __ _ _
 /\\ / ___'_ __ _ _(_)_ __  __ _ \ \ \ \
( ( )\___ | '_ | '_| | '_ \/ _` | \ \ \ \
 \\/  ___)| |_)| | | | | || (_| |  ) ) ) )
  '  |____| .__|_| |_|_| |_\__, | / / / /
 =========|_|==============|___/=/_/_/_/

 :: Spring Boot ::                (v4.1.0)

2026-06-19T05:42:47.579+05:30  INFO 9260 --- [AutoPartsHub] [  restartedMain] c.w.A.AutopartsHubApplication            : Starting AutopartsHubApplication using Java 25.0.1 with PID 9260 (C:\Users\ASUS\Downloads\SPRINGBOOT PROJECTS\AutopartsHub\target\classes started by ASUS in C:\Users\ASUS\Downloads\SPRINGBOOT PROJECTS\AutopartsHub)
2026-06-19T05:42:47.584+05:30  INFO 9260 --- [AutoPartsHub] [  restartedMain] c.w.A.AutopartsHubApplication            : No active profile set, falling back to 1 default profile: "default"
2026-06-19T05:42:47.690+05:30  INFO 9260 --- [AutoPartsHub] [  restartedMain] .e.DevToolsPropertyDefaultsPostProcessor : Devtools property defaults active! Set 'spring.devtools.add-properties' to 'false' to disable
2026-06-19T05:42:47.691+05:30  INFO 9260 --- [AutoPartsHub] [  restartedMain] .e.DevToolsPropertyDefaultsPostProcessor : For additional web related logging consider setting the 'logging.level.web' property to 'DEBUG'
2026-06-19T05:42:49.469+05:30  INFO 9260 --- [AutoPartsHub] [  restartedMain] .s.d.r.c.RepositoryConfigurationDelegate : Bootstrapping Spring Data JPA repositories in DEFAULT mode.
2026-06-19T05:42:49.574+05:30  INFO 9260 --- [AutoPartsHub] [  restartedMain] .s.d.r.c.RepositoryConfigurationDelegate : Finished Spring Data repository scanning in 89 ms. Found 7 JPA repository interfaces.
2026-06-19T05:42:50.509+05:30  INFO 9260 --- [AutoPartsHub] [  restartedMain] o.s.boot.tomcat.TomcatWebServer          : Tomcat initialized with port 8082 (http)
2026-06-19T05:42:50.541+05:30  INFO 9260 --- [AutoPartsHub] [  restartedMain] o.apache.catalina.core.StandardService   : Starting service [Tomcat]
2026-06-19T05:42:50.542+05:30  INFO 9260 --- [AutoPartsHub] [  restartedMain] o.apache.catalina.core.StandardEngine    : Starting Servlet engine: [Apache Tomcat/11.0.22]
2026-06-19T05:42:50.638+05:30  INFO 9260 --- [AutoPartsHub] [  restartedMain] b.w.c.s.WebApplicationContextInitializer : Root WebApplicationContext: initialization completed in 2944 ms
2026-06-19T05:42:51.116+05:30  INFO 9260 --- [AutoPartsHub] [  restartedMain] org.hibernate.orm.jpa                    : HHH008540: Processing PersistenceUnitInfo [name: default]
2026-06-19T05:42:51.255+05:30  INFO 9260 --- [AutoPartsHub] [  restartedMain] org.hibernate.orm.core                   : HHH000001: Hibernate ORM core version 7.4.1.Final
2026-06-19T05:42:52.200+05:30  INFO 9260 --- [AutoPartsHub] [  restartedMain] o.s.o.j.p.SpringPersistenceUnitInfo      : No LoadTimeWeaver setup: ignoring JPA class transformer
2026-06-19T05:42:52.264+05:30  INFO 9260 --- [AutoPartsHub] [  restartedMain] com.zaxxer.hikari.HikariDataSource       : HikariPool-1 - Starting...
2026-06-19T05:42:52.996+05:30  INFO 9260 --- [AutoPartsHub] [  restartedMain] com.zaxxer.hikari.pool.HikariPool        : HikariPool-1 - Added connection com.mysql.cj.jdbc.ConnectionImpl@4a81533e
2026-06-19T05:42:52.999+05:30  INFO 9260 --- [AutoPartsHub] [  restartedMain] com.zaxxer.hikari.HikariDataSource       : HikariPool-1 - Start completed.
2026-06-19T05:42:53.163+05:30  INFO 9260 --- [AutoPartsHub] [  restartedMain] org.hibernate.orm.connections.pooling    : HHH10001005: Database info:
	Database JDBC URL [jdbc:mysql://localhost:3306/autopartshub]
	Database driver: MySQL Connector/J
	Database dialect: MySQLDialect
	Database version: 8.0.45
	Default catalog/schema: autopartshub/undefined
	Autocommit mode: undefined/unknown
	Isolation level: REPEATABLE_READ [default REPEATABLE_READ]
	JDBC fetch size: none
	Pool: DataSourceConnectionProvider
	Minimum pool size: undefined/unknown
	Maximum pool size: undefined/unknown
2026-06-19T05:42:55.372+05:30  INFO 9260 --- [AutoPartsHub] [  restartedMain] org.hibernate.orm.core                   : HHH000489: No JTA platform available (set 'hibernate.transaction.jta.platform' to enable JTA platform integration)
2026-06-19T05:42:55.513+05:30  INFO 9260 --- [AutoPartsHub] [  restartedMain] j.LocalContainerEntityManagerFactoryBean : Initialized JPA EntityManagerFactory for persistence unit 'default'
2026-06-19T05:42:55.760+05:30  INFO 9260 --- [AutoPartsHub] [  restartedMain] o.s.d.j.r.query.QueryEnhancerFactories   : Hibernate is in classpath; If applicable, HQL parser will be used.
2026-06-19T05:42:56.524+05:30  WARN 9260 --- [AutoPartsHub] [  restartedMain] JpaBaseConfiguration$JpaWebConfiguration : spring.jpa.open-in-view is enabled by default. Therefore, database queries may be performed during view rendering. Explicitly configure spring.jpa.open-in-view to disable this warning
2026-06-19T05:42:56.684+05:30  INFO 9260 --- [AutoPartsHub] [  restartedMain] r$InitializeUserDetailsManagerConfigurer : Global AuthenticationManager configured with UserDetailsService bean with name customUserDetailsService
2026-06-19T05:42:56.975+05:30  INFO 9260 --- [AutoPartsHub] [  restartedMain] o.s.b.w.a.WelcomePageHandlerMapping      : Adding welcome page: class path resource [static/index.html]
2026-06-19T05:42:57.905+05:30  INFO 9260 --- [AutoPartsHub] [  restartedMain] o.s.b.a.e.web.EndpointLinksResolver      : Exposing 1 endpoint beneath base path '/actuator'
2026-06-19T05:42:58.049+05:30  INFO 9260 --- [AutoPartsHub] [  restartedMain] o.s.boot.tomcat.TomcatWebServer          : Tomcat started on port 8082 (http) with context path '/'
2026-06-19T05:42:58.060+05:30  INFO 9260 --- [AutoPartsHub] [  restartedMain] c.w.A.AutopartsHubApplication            : Started AutopartsHubApplication in 11.107 seconds (process running for 11.885)
2026-06-19T05:42:58.242+05:30  INFO 9260 --- [AutoPartsHub] [nio-8082-exec-1] o.a.c.c.C.[Tomcat].[localhost].[/]       : Initializing Spring DispatcherServlet 'dispatcherServlet'
2026-06-19T05:42:58.243+05:30  INFO 9260 --- [AutoPartsHub] [nio-8082-exec-1] o.s.web.servlet.DispatcherServlet        : Initializing Servlet 'dispatcherServlet'
2026-06-19T05:42:58.247+05:30  INFO 9260 --- [AutoPartsHub] [nio-8082-exec-1] o.s.web.servlet.DispatcherServlet        : Completed initialization in 3 ms
2026-06-19T05:44:30.123+05:30  WARN 9260 --- [AutoPartsHub] [nio-8082-exec-5] .m.m.a.ExceptionHandlerExceptionResolver : Resolved [org.springframework.web.servlet.resource.NoResourceFoundException: No static resource favicon.ico for request '/favicon.ico'.]
Hibernate: 
    select
        u1_0.id,
        u1_0.email,
        u1_0.name,
        u1_0.password,
        u1_0.role 
    from
        users u1_0 
    where
        u1_0.email=?
2026-06-19T05:44:40.670+05:30  WARN 9260 --- [AutoPartsHub] [nio-8082-exec-4] .m.m.a.ExceptionHandlerExceptionResolver : Resolved [java.lang.RuntimeException: Invalid email]
Hibernate: 
    select
        u1_0.id 
    from
        users u1_0 
    where
        u1_0.email=? 
    limit
        ?
Hibernate: 
    insert 
    into
        users
        (email, name, password, role) 
    values
        (?, ?, ?, ?)
2026-06-19T05:44:54.085+05:30  WARN 9260 --- [AutoPartsHub] [nio-8082-exec-9] .m.m.a.ExceptionHandlerExceptionResolver : Resolved [org.springframework.web.servlet.resource.NoResourceFoundException: No static resource favicon.ico for request '/favicon.ico'.]
Hibernate: 
    select
        u1_0.id,
        u1_0.email,
        u1_0.name,
        u1_0.password,
        u1_0.role 
    from
        users u1_0 
    where
        u1_0.email=?
2026-06-19T05:45:02.904+05:30  WARN 9260 --- [AutoPartsHub] [nio-8082-exec-1] .m.m.a.ExceptionHandlerExceptionResolver : Resolved [org.springframework.web.servlet.resource.NoResourceFoundException: No static resource favicon.ico for request '/favicon.ico'.]
2026-06-19T05:47:04.538+05:30  WARN 9260 --- [AutoPartsHub] [nio-8082-exec-3] .m.m.a.ExceptionHandlerExceptionResolver : Resolved [org.springframework.web.servlet.resource.NoResourceFoundException: No static resource favicon.ico for request '/favicon.ico'.]
2026-06-19T05:47:25.248+05:30  WARN 9260 --- [AutoPartsHub] [nio-8082-exec-5] .m.m.a.ExceptionHandlerExceptionResolver : Resolved [org.springframework.web.servlet.resource.NoResourceFoundException: No static resource favicon.ico for request '/favicon.ico'.]
2026-06-19T05:47:29.098+05:30  WARN 9260 --- [AutoPartsHub] [nio-8082-exec-4] .m.m.a.ExceptionHandlerExceptionResolver : Resolved [org.springframework.web.servlet.resource.NoResourceFoundException: No static resource favicon.ico for request '/favicon.ico'.]
2026-06-19T05:47:30.999+05:30  WARN 9260 --- [AutoPartsHub] [nio-8082-exec-6] .m.m.a.ExceptionHandlerExceptionResolver : Resolved [org.springframework.web.servlet.resource.NoResourceFoundException: No static resource favicon.ico for request '/favicon.ico'.]
2026-06-19T05:47:34.743+05:30  WARN 9260 --- [AutoPartsHub] [nio-8082-exec-7] .m.m.a.ExceptionHandlerExceptionResolver : Resolved [org.springframework.web.servlet.resource.NoResourceFoundException: No static resource favicon.ico for request '/favicon.ico'.]
2026-06-19T05:47:36.645+05:30  WARN 9260 --- [AutoPartsHub] [nio-8082-exec-9] .m.m.a.ExceptionHandlerExceptionResolver : Resolved [org.springframework.web.servlet.resource.NoResourceFoundException: No static resource favicon.ico for request '/favicon.ico'.]
2026-06-19T05:47:40.389+05:30  WARN 9260 --- [AutoPartsHub] [nio-8082-exec-8] .m.m.a.ExceptionHandlerExceptionResolver : Resolved [org.springframework.web.servlet.resource.NoResourceFoundException: No static resource favicon.ico for request '/favicon.ico'.]
2026-06-19T05:47:45.284+05:30  WARN 9260 --- [AutoPartsHub] [io-8082-exec-10] .m.m.a.ExceptionHandlerExceptionResolver : Resolved [org.springframework.web.servlet.resource.NoResourceFoundException: No static resource favicon.ico for request '/favicon.ico'.]
